Removed Pin From Net: NetName=GND Pin=J1-2
Removed Pin From Net: NetName=GND Pin=J1-3
Removed Pin From Net: NetName=GND Pin=J1-8
Removed Pin From Net: NetName=GND Pin=J1-9
Removed Pin From Net: NetName=GND Pin=R24-1
Removed Pin From Net: NetName=GND Pin=R25-2
Removed Pin From Net: NetName=GND Pin=R26-2
Change component parameters. Clean all parameters for all variants
Change component parameters (AddParameter): Name = "Alternate Manufacturer"; Value = ""; VariantName = "[No Variations]"
Change component parameters (AddParameter): Name = "Alternate PartNumber"; Value = ""; VariantName = "[No Variations]"
Change component parameters (AddParameter): Name = "Altium Migration"; Value = ""; VariantName = "[No Variations]"
Change component parameters (AddParameter): Name = "area"; Value = "*"; VariantName = "[No Variations]"
Change component parameters (AddParameter): Name = "ComponentHeight"; Value = "None"; VariantName = "[No Variations]"
Change component parameters (AddParameter): Name = "ComponentLink1Description"; Value = "AEO Datasheet Link"; VariantName = "[No Variations]"
Change component parameters (AddParameter): Name = "Manufacturer"; Value = "None"; VariantName = "[No Variations]"
Change component parameters (AddParameter): Name = "PackageReference"; Value = "None"; VariantName = "[No Variations]"
Change component parameters (AddParameter): Name = "PartNumber"; Value = "None"; VariantName = "[No Variations]"
Change component parameters (AddParameter): Name = "SymbolVersion"; Value = "11/01/2006 14:05:31"; VariantName = "[No Variations]"
Change component parameters (AddParameter): Name = "Value"; Value = "None"; VariantName = "[No Variations]"
Change component parameters. Clean all parameters for all variants
Change component parameters (AddParameter): Name = "Alternate Manufacturer"; Value = ""; VariantName = "[No Variations]"
Change component parameters (AddParameter): Name = "Alternate PartNumber"; Value = ""; VariantName = "[No Variations]"
Change component parameters (AddParameter): Name = "Altium Migration"; Value = ""; VariantName = "[No Variations]"
Change component parameters (AddParameter): Name = "area"; Value = "*"; VariantName = "[No Variations]"
Change component parameters (AddParameter): Name = "ComponentHeight"; Value = "None"; VariantName = "[No Variations]"
Change component parameters (AddParameter): Name = "ComponentLink1Description"; Value = "AEO Datasheet Link"; VariantName = "[No Variations]"
Change component parameters (AddParameter): Name = "Manufacturer"; Value = "None"; VariantName = "[No Variations]"
Change component parameters (AddParameter): Name = "PackageReference"; Value = "None"; VariantName = "[No Variations]"
Change component parameters (AddParameter): Name = "PartNumber"; Value = "None"; VariantName = "[No Variations]"
Change component parameters (AddParameter): Name = "SymbolVersion"; Value = "11/01/2006 14:05:31"; VariantName = "[No Variations]"
Change component parameters (AddParameter): Name = "Value"; Value = "None"; VariantName = "[No Variations]"
Change component parameters. Clean all parameters for all variants
Change component parameters (AddParameter): Name = "Alternate Manufacturer"; Value = ""; VariantName = "[No Variations]"
Change component parameters (AddParameter): Name = "Alternate PartNumber"; Value = ""; VariantName = "[No Variations]"
Change component parameters (AddParameter): Name = "Altium Migration"; Value = ""; VariantName = "[No Variations]"
Change component parameters (AddParameter): Name = "area"; Value = "*"; VariantName = "[No Variations]"
Change component parameters (AddParameter): Name = "ComponentHeight"; Value = "None"; VariantName = "[No Variations]"
Change component parameters (AddParameter): Name = "ComponentLink1Description"; Value = "AEO Datasheet Link"; VariantName = "[No Variations]"
Change component parameters (AddParameter): Name = "Manufacturer"; Value = "None"; VariantName = "[No Variations]"
Change component parameters (AddParameter): Name = "PackageReference"; Value = "None"; VariantName = "[No Variations]"
Change component parameters (AddParameter): Name = "PartNumber"; Value = "None"; VariantName = "[No Variations]"
Change component parameters (AddParameter): Name = "SymbolVersion"; Value = "11/01/2006 14:05:31"; VariantName = "[No Variations]"
Change component parameters (AddParameter): Name = "Value"; Value = "None"; VariantName = "[No Variations]"
Change component parameters. Clean all parameters for all variants
Change component parameters (AddParameter): Name = "Alternate Manufacturer"; Value = ""; VariantName = "[No Variations]"
Change component parameters (AddParameter): Name = "Alternate PartNumber"; Value = ""; VariantName = "[No Variations]"
Change component parameters (AddParameter): Name = "Altium Migration"; Value = ""; VariantName = "[No Variations]"
Change component parameters (AddParameter): Name = "area"; Value = "*"; VariantName = "[No Variations]"
Change component parameters (AddParameter): Name = "ComponentHeight"; Value = "None"; VariantName = "[No Variations]"
Change component parameters (AddParameter): Name = "ComponentLink1Description"; Value = "AEO Datasheet Link"; VariantName = "[No Variations]"
Change component parameters (AddParameter): Name = "Manufacturer"; Value = "None"; VariantName = "[No Variations]"
Change component parameters (AddParameter): Name = "PackageReference"; Value = "None"; VariantName = "[No Variations]"
Change component parameters (AddParameter): Name = "PartNumber"; Value = "None"; VariantName = "[No Variations]"
Change component parameters (AddParameter): Name = "SymbolVersion"; Value = "11/01/2006 14:05:31"; VariantName = "[No Variations]"
Change component parameters (AddParameter): Name = "Value"; Value = "None"; VariantName = "[No Variations]"
Change component parameters. Clean all parameters for all variants
Change component parameters (AddParameter): Name = "Alternate Manufacturer"; Value = ""; VariantName = "[No Variations]"
Change component parameters (AddParameter): Name = "Alternate PartNumber"; Value = ""; VariantName = "[No Variations]"
Change component parameters (AddParameter): Name = "Altium Migration"; Value = ""; VariantName = "[No Variations]"
Change component parameters (AddParameter): Name = "area"; Value = "*"; VariantName = "[No Variations]"
Change component parameters (AddParameter): Name = "ComponentHeight"; Value = "None"; VariantName = "[No Variations]"
Change component parameters (AddParameter): Name = "ComponentLink1Description"; Value = "AEO Datasheet Link"; VariantName = "[No Variations]"
Change component parameters (AddParameter): Name = "Manufacturer"; Value = "None"; VariantName = "[No Variations]"
Change component parameters (AddParameter): Name = "PackageReference"; Value = "None"; VariantName = "[No Variations]"
Change component parameters (AddParameter): Name = "PartNumber"; Value = "None"; VariantName = "[No Variations]"
Change component parameters (AddParameter): Name = "SymbolVersion"; Value = "07/13/2010 09:50:06"; VariantName = "[No Variations]"
Change component parameters (AddParameter): Name = "Value"; Value = "None"; VariantName = "[No Variations]"
Change component parameters. Clean all parameters for all variants
Change component parameters (AddParameter): Name = "Alternate Manufacturer"; Value = ""; VariantName = "[No Variations]"
Change component parameters (AddParameter): Name = "Alternate PartNumber"; Value = ""; VariantName = "[No Variations]"
Change component parameters (AddParameter): Name = "Altium Migration"; Value = ""; VariantName = "[No Variations]"
Change component parameters (AddParameter): Name = "area"; Value = "*"; VariantName = "[No Variations]"
Change component parameters (AddParameter): Name = "ComponentHeight"; Value = "None"; VariantName = "[No Variations]"
Change component parameters (AddParameter): Name = "ComponentLink1Description"; Value = "AEO Datasheet Link"; VariantName = "[No Variations]"
Change component parameters (AddParameter): Name = "Manufacturer"; Value = "None"; VariantName = "[No Variations]"
Change component parameters (AddParameter): Name = "PackageReference"; Value = "None"; VariantName = "[No Variations]"
Change component parameters (AddParameter): Name = "PartNumber"; Value = "None"; VariantName = "[No Variations]"
Change component parameters (AddParameter): Name = "SymbolVersion"; Value = "11/01/2006 14:05:31"; VariantName = "[No Variations]"
Change component parameters (AddParameter): Name = "Value"; Value = "None"; VariantName = "[No Variations]"
Change Net Name : Old Net Name=GND New Net Name=BAT_GND
Added Pin To Net: NetName=GND Pin=J1-2
Added Pin To Net: NetName=GND Pin=J1-3
Added Pin To Net: NetName=GND Pin=J1-8
Added Pin To Net: NetName=GND Pin=J1-9
Added Pin To Net: NetName=GND Pin=R24-1
Added Pin To Net: NetName=GND Pin=R25-2
Added Pin To Net: NetName=GND Pin=R26-2
Added Net: Name=GND
Added Room: Name=Battery Gauge
Added Room: Name=Chargering
Added Room: Name=Control
