Change component parameters. Clean all parameters for all variants
Change component parameters (AddParameter): Name = "Alternate Manufacturer"; Value = ""; VariantName = "[No Variations]"
Change component parameters (AddParameter): Name = "Alternate PartNumber"; Value = ""; VariantName = "[No Variations]"
Change component parameters (AddParameter): Name = "Altium Migration"; Value = ""; VariantName = "[No Variations]"
Change component parameters (AddParameter): Name = "area"; Value = "*"; VariantName = "[No Variations]"
Change component parameters (AddParameter): Name = "ComponentHeight"; Value = "None"; VariantName = "[No Variations]"
Change component parameters (AddParameter): Name = "ComponentLink1Description"; Value = "AEO Datasheet Link"; VariantName = "[No Variations]"
Change component parameters (AddParameter): Name = "Manufacturer"; Value = "None"; VariantName = "[No Variations]"
Change component parameters (AddParameter): Name = "PackageReference"; Value = "None"; VariantName = "[No Variations]"
Change component parameters (AddParameter): Name = "PartNumber"; Value = "None"; VariantName = "[No Variations]"
Change component parameters (AddParameter): Name = "SymbolVersion"; Value = "11/01/2006 14:05:31"; VariantName = "[No Variations]"
Change component parameters (AddParameter): Name = "Value"; Value = "None"; VariantName = "[No Variations]"
Change component parameters. Clean all parameters for all variants
Change component parameters (AddParameter): Name = "Alternate Manufacturer"; Value = ""; VariantName = "[No Variations]"
Change component parameters (AddParameter): Name = "Alternate PartNumber"; Value = ""; VariantName = "[No Variations]"
Change component parameters (AddParameter): Name = "Altium Migration"; Value = ""; VariantName = "[No Variations]"
Change component parameters (AddParameter): Name = "area"; Value = "*"; VariantName = "[No Variations]"
Change component parameters (AddParameter): Name = "ComponentHeight"; Value = "None"; VariantName = "[No Variations]"
Change component parameters (AddParameter): Name = "ComponentLink1Description"; Value = "AEO Datasheet Link"; VariantName = "[No Variations]"
Change component parameters (AddParameter): Name = "Manufacturer"; Value = "None"; VariantName = "[No Variations]"
Change component parameters (AddParameter): Name = "PackageReference"; Value = "None"; VariantName = "[No Variations]"
Change component parameters (AddParameter): Name = "PartNumber"; Value = "None"; VariantName = "[No Variations]"
Change component parameters (AddParameter): Name = "SymbolVersion"; Value = "11/01/2006 14:05:31"; VariantName = "[No Variations]"
Change component parameters (AddParameter): Name = "Value"; Value = "None"; VariantName = "[No Variations]"
Change component parameters. Clean all parameters for all variants
Change component parameters (AddParameter): Name = "Alternate Manufacturer"; Value = ""; VariantName = "[No Variations]"
Change component parameters (AddParameter): Name = "Alternate PartNumber"; Value = ""; VariantName = "[No Variations]"
Change component parameters (AddParameter): Name = "Altium Migration"; Value = ""; VariantName = "[No Variations]"
Change component parameters (AddParameter): Name = "area"; Value = "*"; VariantName = "[No Variations]"
Change component parameters (AddParameter): Name = "ComponentHeight"; Value = "None"; VariantName = "[No Variations]"
Change component parameters (AddParameter): Name = "ComponentLink1Description"; Value = "AEO Datasheet Link"; VariantName = "[No Variations]"
Change component parameters (AddParameter): Name = "Manufacturer"; Value = "None"; VariantName = "[No Variations]"
Change component parameters (AddParameter): Name = "PackageReference"; Value = "None"; VariantName = "[No Variations]"
Change component parameters (AddParameter): Name = "PartNumber"; Value = "None"; VariantName = "[No Variations]"
Change component parameters (AddParameter): Name = "SymbolVersion"; Value = "11/01/2006 14:05:31"; VariantName = "[No Variations]"
Change component parameters (AddParameter): Name = "Value"; Value = "None"; VariantName = "[No Variations]"
Change component parameters. Clean all parameters for all variants
Change component parameters (AddParameter): Name = "Alternate Manufacturer"; Value = ""; VariantName = "[No Variations]"
Change component parameters (AddParameter): Name = "Alternate PartNumber"; Value = ""; VariantName = "[No Variations]"
Change component parameters (AddParameter): Name = "Altium Migration"; Value = ""; VariantName = "[No Variations]"
Change component parameters (AddParameter): Name = "area"; Value = "*"; VariantName = "[No Variations]"
Change component parameters (AddParameter): Name = "ComponentHeight"; Value = "None"; VariantName = "[No Variations]"
Change component parameters (AddParameter): Name = "ComponentLink1Description"; Value = "AEO Datasheet Link"; VariantName = "[No Variations]"
Change component parameters (AddParameter): Name = "Manufacturer"; Value = "None"; VariantName = "[No Variations]"
Change component parameters (AddParameter): Name = "PackageReference"; Value = "None"; VariantName = "[No Variations]"
Change component parameters (AddParameter): Name = "PartNumber"; Value = "None"; VariantName = "[No Variations]"
Change component parameters (AddParameter): Name = "SymbolVersion"; Value = "11/01/2006 14:05:31"; VariantName = "[No Variations]"
Change component parameters (AddParameter): Name = "Value"; Value = "None"; VariantName = "[No Variations]"
Change component parameters. Clean all parameters for all variants
Change component parameters (AddParameter): Name = "Alternate Manufacturer"; Value = ""; VariantName = "[No Variations]"
Change component parameters (AddParameter): Name = "Alternate PartNumber"; Value = ""; VariantName = "[No Variations]"
Change component parameters (AddParameter): Name = "Altium Migration"; Value = ""; VariantName = "[No Variations]"
Change component parameters (AddParameter): Name = "area"; Value = "*"; VariantName = "[No Variations]"
Change component parameters (AddParameter): Name = "ComponentHeight"; Value = "None"; VariantName = "[No Variations]"
Change component parameters (AddParameter): Name = "ComponentLink1Description"; Value = "AEO Datasheet Link"; VariantName = "[No Variations]"
Change component parameters (AddParameter): Name = "Manufacturer"; Value = "None"; VariantName = "[No Variations]"
Change component parameters (AddParameter): Name = "PackageReference"; Value = "None"; VariantName = "[No Variations]"
Change component parameters (AddParameter): Name = "PartNumber"; Value = "None"; VariantName = "[No Variations]"
Change component parameters (AddParameter): Name = "SymbolVersion"; Value = "07/13/2010 09:50:06"; VariantName = "[No Variations]"
Change component parameters (AddParameter): Name = "Value"; Value = "None"; VariantName = "[No Variations]"
Change component parameters. Clean all parameters for all variants
Change component parameters (AddParameter): Name = "Alternate Manufacturer"; Value = ""; VariantName = "[No Variations]"
Change component parameters (AddParameter): Name = "Alternate PartNumber"; Value = ""; VariantName = "[No Variations]"
Change component parameters (AddParameter): Name = "Altium Migration"; Value = ""; VariantName = "[No Variations]"
Change component parameters (AddParameter): Name = "area"; Value = "*"; VariantName = "[No Variations]"
Change component parameters (AddParameter): Name = "ComponentHeight"; Value = "None"; VariantName = "[No Variations]"
Change component parameters (AddParameter): Name = "ComponentLink1Description"; Value = "AEO Datasheet Link"; VariantName = "[No Variations]"
Change component parameters (AddParameter): Name = "Manufacturer"; Value = "None"; VariantName = "[No Variations]"
Change component parameters (AddParameter): Name = "PackageReference"; Value = "None"; VariantName = "[No Variations]"
Change component parameters (AddParameter): Name = "PartNumber"; Value = "None"; VariantName = "[No Variations]"
Change component parameters (AddParameter): Name = "SymbolVersion"; Value = "11/01/2006 14:05:31"; VariantName = "[No Variations]"
Change component parameters (AddParameter): Name = "Value"; Value = "None"; VariantName = "[No Variations]"
Added Component: Designator=C33(C603)
Add component. Clean all parameters for all variants
Add component (AddParameter): Name = "Alternate Manufacturer"; Value = ""; VariantName = "[No Variations]"
Add component (AddParameter): Name = "Alternate PartNumber"; Value = ""; VariantName = "[No Variations]"
Add component (AddParameter): Name = "Altium Migration"; Value = ""; VariantName = "[No Variations]"
Add component (AddParameter): Name = "Area"; Value = "5650"; VariantName = "[No Variations]"
Add component (AddParameter): Name = "ComponentHeight"; Value = "0.035 inch"; VariantName = "[No Variations]"
Add component (AddParameter): Name = "ComponentLink1Description"; Value = "AEO Datasheet Link"; VariantName = "[No Variations]"
Add component (AddParameter): Name = "Manufacturer"; Value = "Kemet"; VariantName = "[No Variations]"
Add component (AddParameter): Name = "PackageReference"; Value = "603"; VariantName = "[No Variations]"
Add component (AddParameter): Name = "PartNumber"; Value = "C0603C104M5RACTU"; VariantName = "[No Variations]"
Add component (AddParameter): Name = "SymbolVersion"; Value = "07/31/2009 12:17:27"; VariantName = "[No Variations]"
Add component (AddParameter): Name = "Value"; Value = "1uF"; VariantName = "[No Variations]"
Added Component: Designator=C34(C603)
Add component. Clean all parameters for all variants
Add component (AddParameter): Name = "Alternate Manufacturer"; Value = ""; VariantName = "[No Variations]"
Add component (AddParameter): Name = "Alternate PartNumber"; Value = ""; VariantName = "[No Variations]"
Add component (AddParameter): Name = "Altium Migration"; Value = ""; VariantName = "[No Variations]"
Add component (AddParameter): Name = "Area"; Value = "5650"; VariantName = "[No Variations]"
Add component (AddParameter): Name = "ComponentHeight"; Value = "0.035 inch"; VariantName = "[No Variations]"
Add component (AddParameter): Name = "ComponentLink1Description"; Value = "AEO Datasheet Link"; VariantName = "[No Variations]"
Add component (AddParameter): Name = "Manufacturer"; Value = "Kemet"; VariantName = "[No Variations]"
Add component (AddParameter): Name = "PackageReference"; Value = "603"; VariantName = "[No Variations]"
Add component (AddParameter): Name = "PartNumber"; Value = "C0603C104M5RACTU"; VariantName = "[No Variations]"
Add component (AddParameter): Name = "SymbolVersion"; Value = "07/31/2009 12:17:27"; VariantName = "[No Variations]"
Add component (AddParameter): Name = "Value"; Value = "1uF"; VariantName = "[No Variations]"
Added Component: Designator=C35(C603)
Add component. Clean all parameters for all variants
Add component (AddParameter): Name = "Alternate Manufacturer"; Value = ""; VariantName = "[No Variations]"
Add component (AddParameter): Name = "Alternate PartNumber"; Value = ""; VariantName = "[No Variations]"
Add component (AddParameter): Name = "Altium Migration"; Value = ""; VariantName = "[No Variations]"
Add component (AddParameter): Name = "Area"; Value = "5650"; VariantName = "[No Variations]"
Add component (AddParameter): Name = "ComponentHeight"; Value = "0.035 inch"; VariantName = "[No Variations]"
Add component (AddParameter): Name = "ComponentLink1Description"; Value = "AEO Datasheet Link"; VariantName = "[No Variations]"
Add component (AddParameter): Name = "Manufacturer"; Value = "Kemet"; VariantName = "[No Variations]"
Add component (AddParameter): Name = "PackageReference"; Value = "603"; VariantName = "[No Variations]"
Add component (AddParameter): Name = "PartNumber"; Value = "C0603C104M5RACTU"; VariantName = "[No Variations]"
Add component (AddParameter): Name = "SymbolVersion"; Value = "07/31/2009 12:17:27"; VariantName = "[No Variations]"
Add component (AddParameter): Name = "Value"; Value = "1uF"; VariantName = "[No Variations]"
Added Component: Designator=C37(C603)
Add component. Clean all parameters for all variants
Add component (AddParameter): Name = "Alternate Manufacturer"; Value = ""; VariantName = "[No Variations]"
Add component (AddParameter): Name = "Alternate PartNumber"; Value = ""; VariantName = "[No Variations]"
Add component (AddParameter): Name = "Altium Migration"; Value = ""; VariantName = "[No Variations]"
Add component (AddParameter): Name = "Area"; Value = "5650"; VariantName = "[No Variations]"
Add component (AddParameter): Name = "ComponentHeight"; Value = "0.035 inch"; VariantName = "[No Variations]"
Add component (AddParameter): Name = "ComponentLink1Description"; Value = "AEO Datasheet Link"; VariantName = "[No Variations]"
Add component (AddParameter): Name = "Manufacturer"; Value = "Kemet"; VariantName = "[No Variations]"
Add component (AddParameter): Name = "PackageReference"; Value = "603"; VariantName = "[No Variations]"
Add component (AddParameter): Name = "PartNumber"; Value = "C0603C104M5RACTU"; VariantName = "[No Variations]"
Add component (AddParameter): Name = "SymbolVersion"; Value = "07/31/2009 12:17:27"; VariantName = "[No Variations]"
Add component (AddParameter): Name = "Value"; Value = "0.1uF"; VariantName = "[No Variations]"
Added Component: Designator=C38(C603)
Add component. Clean all parameters for all variants
Add component (AddParameter): Name = "Alternate Manufacturer"; Value = ""; VariantName = "[No Variations]"
Add component (AddParameter): Name = "Alternate PartNumber"; Value = ""; VariantName = "[No Variations]"
Add component (AddParameter): Name = "Altium Migration"; Value = ""; VariantName = "[No Variations]"
Add component (AddParameter): Name = "Area"; Value = "5650"; VariantName = "[No Variations]"
Add component (AddParameter): Name = "ComponentHeight"; Value = "0.035 inch"; VariantName = "[No Variations]"
Add component (AddParameter): Name = "ComponentLink1Description"; Value = "AEO Datasheet Link"; VariantName = "[No Variations]"
Add component (AddParameter): Name = "Manufacturer"; Value = "Kemet"; VariantName = "[No Variations]"
Add component (AddParameter): Name = "PackageReference"; Value = "603"; VariantName = "[No Variations]"
Add component (AddParameter): Name = "PartNumber"; Value = "C0603C104M5RACTU"; VariantName = "[No Variations]"
Add component (AddParameter): Name = "SymbolVersion"; Value = "07/31/2009 12:17:27"; VariantName = "[No Variations]"
Add component (AddParameter): Name = "Value"; Value = "1uF"; VariantName = "[No Variations]"
Added Component: Designator=C39(C603)
Add component. Clean all parameters for all variants
Add component (AddParameter): Name = "Alternate Manufacturer"; Value = ""; VariantName = "[No Variations]"
Add component (AddParameter): Name = "Alternate PartNumber"; Value = ""; VariantName = "[No Variations]"
Add component (AddParameter): Name = "Altium Migration"; Value = ""; VariantName = "[No Variations]"
Add component (AddParameter): Name = "Area"; Value = "5650"; VariantName = "[No Variations]"
Add component (AddParameter): Name = "ComponentHeight"; Value = "0.035 inch"; VariantName = "[No Variations]"
Add component (AddParameter): Name = "ComponentLink1Description"; Value = "AEO Datasheet Link"; VariantName = "[No Variations]"
Add component (AddParameter): Name = "Manufacturer"; Value = "Kemet"; VariantName = "[No Variations]"
Add component (AddParameter): Name = "PackageReference"; Value = "603"; VariantName = "[No Variations]"
Add component (AddParameter): Name = "PartNumber"; Value = "C0603C104M5RACTU"; VariantName = "[No Variations]"
Add component (AddParameter): Name = "SymbolVersion"; Value = "07/31/2009 12:17:27"; VariantName = "[No Variations]"
Add component (AddParameter): Name = "Value"; Value = "10uf"; VariantName = "[No Variations]"
Added Component: Designator=C40(C603)
Add component. Clean all parameters for all variants
Add component (AddParameter): Name = "Alternate Manufacturer"; Value = ""; VariantName = "[No Variations]"
Add component (AddParameter): Name = "Alternate PartNumber"; Value = ""; VariantName = "[No Variations]"
Add component (AddParameter): Name = "Altium Migration"; Value = ""; VariantName = "[No Variations]"
Add component (AddParameter): Name = "Area"; Value = "5650"; VariantName = "[No Variations]"
Add component (AddParameter): Name = "ComponentHeight"; Value = "0.035 inch"; VariantName = "[No Variations]"
Add component (AddParameter): Name = "ComponentLink1Description"; Value = "AEO Datasheet Link"; VariantName = "[No Variations]"
Add component (AddParameter): Name = "Manufacturer"; Value = "Kemet"; VariantName = "[No Variations]"
Add component (AddParameter): Name = "PackageReference"; Value = "603"; VariantName = "[No Variations]"
Add component (AddParameter): Name = "PartNumber"; Value = "C0603C104M5RACTU"; VariantName = "[No Variations]"
Add component (AddParameter): Name = "SymbolVersion"; Value = "07/31/2009 12:17:27"; VariantName = "[No Variations]"
Add component (AddParameter): Name = "Value"; Value = "10uf"; VariantName = "[No Variations]"
Added Component: Designator=C41(C603)
Add component. Clean all parameters for all variants
Add component (AddParameter): Name = "Alternate Manufacturer"; Value = ""; VariantName = "[No Variations]"
Add component (AddParameter): Name = "Alternate PartNumber"; Value = ""; VariantName = "[No Variations]"
Add component (AddParameter): Name = "Altium Migration"; Value = ""; VariantName = "[No Variations]"
Add component (AddParameter): Name = "Area"; Value = "5650"; VariantName = "[No Variations]"
Add component (AddParameter): Name = "ComponentHeight"; Value = "0.035 inch"; VariantName = "[No Variations]"
Add component (AddParameter): Name = "ComponentLink1Description"; Value = "AEO Datasheet Link"; VariantName = "[No Variations]"
Add component (AddParameter): Name = "Manufacturer"; Value = "Kemet"; VariantName = "[No Variations]"
Add component (AddParameter): Name = "PackageReference"; Value = "603"; VariantName = "[No Variations]"
Add component (AddParameter): Name = "PartNumber"; Value = "C0603C104M5RACTU"; VariantName = "[No Variations]"
Add component (AddParameter): Name = "SymbolVersion"; Value = "07/31/2009 12:17:27"; VariantName = "[No Variations]"
Add component (AddParameter): Name = "Value"; Value = "10uf"; VariantName = "[No Variations]"
Added Component: Designator=R47(0603)
Add component. Clean all parameters for all variants
Add component (AddParameter): Name = "Alternate Manufacturer"; Value = ""; VariantName = "[No Variations]"
Add component (AddParameter): Name = "Alternate PartNumber"; Value = ""; VariantName = "[No Variations]"
Add component (AddParameter): Name = "Altium Migration"; Value = ""; VariantName = "[No Variations]"
Add component (AddParameter): Name = "Area"; Value = "9100"; VariantName = "[No Variations]"
Add component (AddParameter): Name = "ComponentLink1Description"; Value = "AEO Datasheet Link"; VariantName = "[No Variations]"
Add component (AddParameter): Name = "Manufacturer"; Value = "Vishay-Dale"; VariantName = "[No Variations]"
Add component (AddParameter): Name = "PackageReference"; Value = "603"; VariantName = "[No Variations]"
Add component (AddParameter): Name = "PartNumber"; Value = "CRCW0603100RJNEAHP"; VariantName = "[No Variations]"
Add component (AddParameter): Name = "SymbolVersion"; Value = "05/06/2011 13:51:33"; VariantName = "[No Variations]"
Add component (AddParameter): Name = "Value"; Value = "5.36k"; VariantName = "[No Variations]"
Added Component: Designator=R48(0603)
Add component. Clean all parameters for all variants
Add component (AddParameter): Name = "Alternate Manufacturer"; Value = ""; VariantName = "[No Variations]"
Add component (AddParameter): Name = "Alternate PartNumber"; Value = ""; VariantName = "[No Variations]"
Add component (AddParameter): Name = "Altium Migration"; Value = ""; VariantName = "[No Variations]"
Add component (AddParameter): Name = "Area"; Value = "9100"; VariantName = "[No Variations]"
Add component (AddParameter): Name = "ComponentLink1Description"; Value = "AEO Datasheet Link"; VariantName = "[No Variations]"
Add component (AddParameter): Name = "Manufacturer"; Value = "Vishay-Dale"; VariantName = "[No Variations]"
Add component (AddParameter): Name = "PackageReference"; Value = "603"; VariantName = "[No Variations]"
Add component (AddParameter): Name = "PartNumber"; Value = "CRCW0603100RJNEAHP"; VariantName = "[No Variations]"
Add component (AddParameter): Name = "SymbolVersion"; Value = "05/06/2011 13:51:33"; VariantName = "[No Variations]"
Add component (AddParameter): Name = "Value"; Value = "3.57k"; VariantName = "[No Variations]"
Added Component: Designator=R49(0603)
Add component. Clean all parameters for all variants
Add component (AddParameter): Name = "Alternate Manufacturer"; Value = ""; VariantName = "[No Variations]"
Add component (AddParameter): Name = "Alternate PartNumber"; Value = ""; VariantName = "[No Variations]"
Add component (AddParameter): Name = "Altium Migration"; Value = ""; VariantName = "[No Variations]"
Add component (AddParameter): Name = "Area"; Value = "9100"; VariantName = "[No Variations]"
Add component (AddParameter): Name = "ComponentLink1Description"; Value = "AEO Datasheet Link"; VariantName = "[No Variations]"
Add component (AddParameter): Name = "Manufacturer"; Value = "Vishay-Dale"; VariantName = "[No Variations]"
Add component (AddParameter): Name = "PackageReference"; Value = "603"; VariantName = "[No Variations]"
Add component (AddParameter): Name = "PartNumber"; Value = "CRCW0603100RJNEAHP"; VariantName = "[No Variations]"
Add component (AddParameter): Name = "SymbolVersion"; Value = "05/06/2011 13:51:33"; VariantName = "[No Variations]"
Add component (AddParameter): Name = "Value"; Value = "1.2k"; VariantName = "[No Variations]"
Added Component: Designator=R50(0603)
Add component. Clean all parameters for all variants
Add component (AddParameter): Name = "Alternate Manufacturer"; Value = ""; VariantName = "[No Variations]"
Add component (AddParameter): Name = "Alternate PartNumber"; Value = ""; VariantName = "[No Variations]"
Add component (AddParameter): Name = "Altium Migration"; Value = ""; VariantName = "[No Variations]"
Add component (AddParameter): Name = "Area"; Value = "9100"; VariantName = "[No Variations]"
Add component (AddParameter): Name = "ComponentLink1Description"; Value = "AEO Datasheet Link"; VariantName = "[No Variations]"
Add component (AddParameter): Name = "Manufacturer"; Value = "Vishay-Dale"; VariantName = "[No Variations]"
Add component (AddParameter): Name = "PackageReference"; Value = "603"; VariantName = "[No Variations]"
Add component (AddParameter): Name = "PartNumber"; Value = "CRCW0603100RJNEAHP"; VariantName = "[No Variations]"
Add component (AddParameter): Name = "SymbolVersion"; Value = "05/06/2011 13:51:33"; VariantName = "[No Variations]"
Add component (AddParameter): Name = "Value"; Value = "5.36k"; VariantName = "[No Variations]"
Added Component: Designator=R51(0603)
Add component. Clean all parameters for all variants
Add component (AddParameter): Name = "Alternate Manufacturer"; Value = ""; VariantName = "[No Variations]"
Add component (AddParameter): Name = "Alternate PartNumber"; Value = ""; VariantName = "[No Variations]"
Add component (AddParameter): Name = "Altium Migration"; Value = ""; VariantName = "[No Variations]"
Add component (AddParameter): Name = "Area"; Value = "9100"; VariantName = "[No Variations]"
Add component (AddParameter): Name = "ComponentLink1Description"; Value = "AEO Datasheet Link"; VariantName = "[No Variations]"
Add component (AddParameter): Name = "Manufacturer"; Value = "Vishay-Dale"; VariantName = "[No Variations]"
Add component (AddParameter): Name = "PackageReference"; Value = "603"; VariantName = "[No Variations]"
Add component (AddParameter): Name = "PartNumber"; Value = "CRCW0603100RJNEAHP"; VariantName = "[No Variations]"
Add component (AddParameter): Name = "SymbolVersion"; Value = "05/06/2011 13:51:33"; VariantName = "[No Variations]"
Add component (AddParameter): Name = "Value"; Value = "1.2k"; VariantName = "[No Variations]"
Added Component: Designator=R52(0603)
Add component. Clean all parameters for all variants
Add component (AddParameter): Name = "Alternate Manufacturer"; Value = ""; VariantName = "[No Variations]"
Add component (AddParameter): Name = "Alternate PartNumber"; Value = ""; VariantName = "[No Variations]"
Add component (AddParameter): Name = "Altium Migration"; Value = ""; VariantName = "[No Variations]"
Add component (AddParameter): Name = "Area"; Value = "9100"; VariantName = "[No Variations]"
Add component (AddParameter): Name = "ComponentLink1Description"; Value = "AEO Datasheet Link"; VariantName = "[No Variations]"
Add component (AddParameter): Name = "Manufacturer"; Value = "Vishay-Dale"; VariantName = "[No Variations]"
Add component (AddParameter): Name = "PackageReference"; Value = "603"; VariantName = "[No Variations]"
Add component (AddParameter): Name = "PartNumber"; Value = "CRCW0603100RJNEAHP"; VariantName = "[No Variations]"
Add component (AddParameter): Name = "SymbolVersion"; Value = "05/06/2011 13:51:33"; VariantName = "[No Variations]"
Add component (AddParameter): Name = "Value"; Value = "3.3k"; VariantName = "[No Variations]"
Added Component: Designator=R53(0603)
Add component. Clean all parameters for all variants
Add component (AddParameter): Name = "Alternate Manufacturer"; Value = ""; VariantName = "[No Variations]"
Add component (AddParameter): Name = "Alternate PartNumber"; Value = ""; VariantName = "[No Variations]"
Add component (AddParameter): Name = "Altium Migration"; Value = ""; VariantName = "[No Variations]"
Add component (AddParameter): Name = "Area"; Value = "9100"; VariantName = "[No Variations]"
Add component (AddParameter): Name = "ComponentLink1Description"; Value = "AEO Datasheet Link"; VariantName = "[No Variations]"
Add component (AddParameter): Name = "Manufacturer"; Value = "Vishay-Dale"; VariantName = "[No Variations]"
Add component (AddParameter): Name = "PackageReference"; Value = "603"; VariantName = "[No Variations]"
Add component (AddParameter): Name = "PartNumber"; Value = "CRCW0603100RJNEAHP"; VariantName = "[No Variations]"
Add component (AddParameter): Name = "SymbolVersion"; Value = "05/06/2011 13:51:33"; VariantName = "[No Variations]"
Add component (AddParameter): Name = "Value"; Value = "3.3k"; VariantName = "[No Variations]"
Added Component: Designator=R54(0603)
Add component. Clean all parameters for all variants
Add component (AddParameter): Name = "Alternate Manufacturer"; Value = ""; VariantName = "[No Variations]"
Add component (AddParameter): Name = "Alternate PartNumber"; Value = ""; VariantName = "[No Variations]"
Add component (AddParameter): Name = "Altium Migration"; Value = ""; VariantName = "[No Variations]"
Add component (AddParameter): Name = "Area"; Value = "9100"; VariantName = "[No Variations]"
Add component (AddParameter): Name = "ComponentLink1Description"; Value = "AEO Datasheet Link"; VariantName = "[No Variations]"
Add component (AddParameter): Name = "Manufacturer"; Value = "Vishay-Dale"; VariantName = "[No Variations]"
Add component (AddParameter): Name = "PackageReference"; Value = "603"; VariantName = "[No Variations]"
Add component (AddParameter): Name = "PartNumber"; Value = "CRCW0603100RJNEAHP"; VariantName = "[No Variations]"
Add component (AddParameter): Name = "SymbolVersion"; Value = "05/06/2011 13:51:33"; VariantName = "[No Variations]"
Add component (AddParameter): Name = "Value"; Value = "1.2k"; VariantName = "[No Variations]"
Added Component: Designator=R55(0603)
Add component. Clean all parameters for all variants
Add component (AddParameter): Name = "Alternate Manufacturer"; Value = ""; VariantName = "[No Variations]"
Add component (AddParameter): Name = "Alternate PartNumber"; Value = ""; VariantName = "[No Variations]"
Add component (AddParameter): Name = "Altium Migration"; Value = ""; VariantName = "[No Variations]"
Add component (AddParameter): Name = "Area"; Value = "9100"; VariantName = "[No Variations]"
Add component (AddParameter): Name = "ComponentLink1Description"; Value = "AEO Datasheet Link"; VariantName = "[No Variations]"
Add component (AddParameter): Name = "Manufacturer"; Value = "Vishay-Dale"; VariantName = "[No Variations]"
Add component (AddParameter): Name = "PackageReference"; Value = "603"; VariantName = "[No Variations]"
Add component (AddParameter): Name = "PartNumber"; Value = "CRCW0603100RJNEAHP"; VariantName = "[No Variations]"
Add component (AddParameter): Name = "SymbolVersion"; Value = "05/06/2011 13:51:33"; VariantName = "[No Variations]"
Add component (AddParameter): Name = "Value"; Value = "0"; VariantName = "[No Variations]"
Added Component: Designator=R56(0603)
Add component. Clean all parameters for all variants
Add component (AddParameter): Name = "Alternate Manufacturer"; Value = ""; VariantName = "[No Variations]"
Add component (AddParameter): Name = "Alternate PartNumber"; Value = ""; VariantName = "[No Variations]"
Add component (AddParameter): Name = "Altium Migration"; Value = ""; VariantName = "[No Variations]"
Add component (AddParameter): Name = "Area"; Value = "9100"; VariantName = "[No Variations]"
Add component (AddParameter): Name = "ComponentLink1Description"; Value = "AEO Datasheet Link"; VariantName = "[No Variations]"
Add component (AddParameter): Name = "Manufacturer"; Value = "Vishay-Dale"; VariantName = "[No Variations]"
Add component (AddParameter): Name = "PackageReference"; Value = "603"; VariantName = "[No Variations]"
Add component (AddParameter): Name = "PartNumber"; Value = "CRCW0603100RJNEAHP"; VariantName = "[No Variations]"
Add component (AddParameter): Name = "SymbolVersion"; Value = "05/06/2011 13:51:33"; VariantName = "[No Variations]"
Add component (AddParameter): Name = "Value"; Value = "100"; VariantName = "[No Variations]"
Added Component: Designator=R57(0603)
Add component. Clean all parameters for all variants
Add component (AddParameter): Name = "Alternate Manufacturer"; Value = ""; VariantName = "[No Variations]"
Add component (AddParameter): Name = "Alternate PartNumber"; Value = ""; VariantName = "[No Variations]"
Add component (AddParameter): Name = "Altium Migration"; Value = ""; VariantName = "[No Variations]"
Add component (AddParameter): Name = "Area"; Value = "9100"; VariantName = "[No Variations]"
Add component (AddParameter): Name = "ComponentLink1Description"; Value = "AEO Datasheet Link"; VariantName = "[No Variations]"
Add component (AddParameter): Name = "Manufacturer"; Value = "Vishay-Dale"; VariantName = "[No Variations]"
Add component (AddParameter): Name = "PackageReference"; Value = "603"; VariantName = "[No Variations]"
Add component (AddParameter): Name = "PartNumber"; Value = "CRCW0603100RJNEAHP"; VariantName = "[No Variations]"
Add component (AddParameter): Name = "SymbolVersion"; Value = "05/06/2011 13:51:33"; VariantName = "[No Variations]"
Add component (AddParameter): Name = "Value"; Value = "0"; VariantName = "[No Variations]"
Added Component: Designator=R58(0603)
Add component. Clean all parameters for all variants
Add component (AddParameter): Name = "Alternate Manufacturer"; Value = ""; VariantName = "[No Variations]"
Add component (AddParameter): Name = "Alternate PartNumber"; Value = ""; VariantName = "[No Variations]"
Add component (AddParameter): Name = "Altium Migration"; Value = ""; VariantName = "[No Variations]"
Add component (AddParameter): Name = "Area"; Value = "9100"; VariantName = "[No Variations]"
Add component (AddParameter): Name = "ComponentLink1Description"; Value = "AEO Datasheet Link"; VariantName = "[No Variations]"
Add component (AddParameter): Name = "Manufacturer"; Value = "Vishay-Dale"; VariantName = "[No Variations]"
Add component (AddParameter): Name = "PackageReference"; Value = "603"; VariantName = "[No Variations]"
Add component (AddParameter): Name = "PartNumber"; Value = "CRCW0603100RJNEAHP"; VariantName = "[No Variations]"
Add component (AddParameter): Name = "SymbolVersion"; Value = "05/06/2011 13:51:33"; VariantName = "[No Variations]"
Add component (AddParameter): Name = "Value"; Value = "75"; VariantName = "[No Variations]"
Added Component: Designator=R59(0603)
Add component. Clean all parameters for all variants
Add component (AddParameter): Name = "Alternate Manufacturer"; Value = ""; VariantName = "[No Variations]"
Add component (AddParameter): Name = "Alternate PartNumber"; Value = ""; VariantName = "[No Variations]"
Add component (AddParameter): Name = "Altium Migration"; Value = ""; VariantName = "[No Variations]"
Add component (AddParameter): Name = "Area"; Value = "9100"; VariantName = "[No Variations]"
Add component (AddParameter): Name = "ComponentLink1Description"; Value = "AEO Datasheet Link"; VariantName = "[No Variations]"
Add component (AddParameter): Name = "Manufacturer"; Value = "Vishay-Dale"; VariantName = "[No Variations]"
Add component (AddParameter): Name = "PackageReference"; Value = "603"; VariantName = "[No Variations]"
Add component (AddParameter): Name = "PartNumber"; Value = "CRCW0603100RJNEAHP"; VariantName = "[No Variations]"
Add component (AddParameter): Name = "SymbolVersion"; Value = "05/06/2011 13:51:33"; VariantName = "[No Variations]"
Add component (AddParameter): Name = "Value"; Value = "300"; VariantName = "[No Variations]"
Added Pin To Net: NetName=Cell_4S_ADC Pin=C33-1
Added Pin To Net: NetName=Cell_1S_ADC Pin=C34-1
Added Pin To Net: NetName=Cell_2S_ADC Pin=C35-1
Added Pin To Net: NetName=3.3v Pin=C37-1
Added Pin To Net: NetName=3.3v Pin=C38-1
Added Pin To Net: NetName=3.3v Pin=C39-1
Added Pin To Net: NetName=3.3v Pin=C40-1
Added Pin To Net: NetName=3.3v Pin=C41-1
Added Pin To Net: NetName=NetR47_1 Pin=R47-1
Added Pin To Net: NetName=Cell_4S_ADC Pin=R47-2
Added Pin To Net: NetName=NetR48_1 Pin=R48-1
Added Pin To Net: NetName=Cell_3S_ADC Pin=R48-2
Added Pin To Net: NetName=NetR49_1 Pin=R49-1
Added Pin To Net: NetName=Cell_1S_ADC Pin=R49-2
Added Pin To Net: NetName=NetR50_1 Pin=R50-1
Added Pin To Net: NetName=Cell_2S_ADC Pin=R50-2
Added Pin To Net: NetName=Cell_4S_ADC Pin=R51-1
Added Pin To Net: NetName=Cell_1S_ADC Pin=R52-1
Added Pin To Net: NetName=Cell_2S_ADC Pin=R53-1
Added Pin To Net: NetName=Cell_3S_ADC Pin=R54-1
Added Pin To Net: NetName=NetR55_1 Pin=R55-1
Added Pin To Net: NetName=CC2 Pin=R55-2
Added Pin To Net: NetName=NetD10_1 Pin=R56-1
Added Pin To Net: NetName=Blue_LED Pin=R56-2
Added Pin To Net: NetName=NetR57_1 Pin=R57-1
Added Pin To Net: NetName=CC1 Pin=R57-2
Added Pin To Net: NetName=NetD10_2 Pin=R58-1
Added Pin To Net: NetName=Green_LED Pin=R58-2
Added Pin To Net: NetName=NetD10_3 Pin=R59-1
Added Pin To Net: NetName=Red_LED Pin=R59-2
Added Member To Class: ClassName=Control Member=Component C33 C0603C104M5RACTU
Added Member To Class: ClassName=Control Member=Component C34 C0603C104M5RACTU
Added Member To Class: ClassName=Control Member=Component C35 C0603C104M5RACTU
Added Member To Class: ClassName=Control Member=Component C37 C0603C104M5RACTU
Added Member To Class: ClassName=Control Member=Component C38 C0603C104M5RACTU
Added Member To Class: ClassName=Control Member=Component C39 C0603C104M5RACTU
Added Member To Class: ClassName=Control Member=Component C40 C0603C104M5RACTU
Added Member To Class: ClassName=Control Member=Component C41 C0603C104M5RACTU
Added Member To Class: ClassName=Control Member=Component R47 CRCW0603100RJNEAHP
Added Member To Class: ClassName=Control Member=Component R48 CRCW0603100RJNEAHP
Added Member To Class: ClassName=Control Member=Component R49 CRCW0603100RJNEAHP
Added Member To Class: ClassName=Control Member=Component R50 CRCW0603100RJNEAHP
Added Member To Class: ClassName=Control Member=Component R51 CRCW0603100RJNEAHP
Added Member To Class: ClassName=Control Member=Component R52 CRCW0603100RJNEAHP
Added Member To Class: ClassName=Control Member=Component R53 CRCW0603100RJNEAHP
Added Member To Class: ClassName=Control Member=Component R54 CRCW0603100RJNEAHP
Added Member To Class: ClassName=Control Member=Component R55 CRCW0603100RJNEAHP
Added Member To Class: ClassName=Control Member=Component R56 CRCW0603100RJNEAHP
Added Member To Class: ClassName=Control Member=Component R57 CRCW0603100RJNEAHP
Added Member To Class: ClassName=Control Member=Component R58 CRCW0603100RJNEAHP
Added Member To Class: ClassName=Control Member=Component R59 CRCW0603100RJNEAHP
