Added Net: Name=4P
Added Net: Name=AGND
Added Net: Name=BAT
Added Net: Name=CHGND
Added Net: Name=GND
Added Net: Name=NetC1_1
Added Net: Name=NetC3_2
Added Net: Name=NetC4_1
Added Net: Name=NetC4_2
Added Net: Name=NetC5_1
Added Net: Name=NetC6_2
Added Net: Name=NetC7_2
Added Net: Name=NetC8_1
Added Net: Name=NetC9_1
Added Net: Name=NetC12_2
Added Net: Name=NetC13_2
Added Net: Name=NetC14_1
Added Net: Name=NetC14_2
Added Net: Name=NetC15_1
Added Net: Name=NetC16_1
Added Net: Name=NetC18_1
Added Net: Name=NetC18_2
Added Net: Name=NetC21_2
Added Net: Name=NetD2_1
Added Net: Name=NetD3_1
Added Net: Name=NetD4_1
Added Net: Name=NetD5_1
Added Net: Name=NetD5_2
Added Net: Name=NetD7_2
Added Net: Name=NetF1_3
Added Net: Name=NetJ1_1
Added Net: Name=NetJ3_1
Added Net: Name=NetJ5_2
Added Net: Name=NetJ5_3
Added Net: Name=NetJ6_1
Added Net: Name=NetQ1_1
Added Net: Name=NetQ1_2
Added Net: Name=NetQ1_3
Added Net: Name=NetQ2_4
Added Net: Name=NetQ3_4
Added Net: Name=NetQ4_1
Added Net: Name=NetR7_1
Added Net: Name=NetR8_1
Added Net: Name=NetR9_1
Added Net: Name=NetR10_1
Added Net: Name=NetR12_1
Added Net: Name=NetR16_1
Added Net: Name=NetR17_2
Added Net: Name=NetR24_1
Added Net: Name=NetR26_1
Added Net: Name=NetR32_1
Added Net: Name=NetR33_2
Added Net: Name=NetRT2_2
Added Net: Name=NetRT3_2
Added Net: Name=NetRT4_2
Added Net: Name=NetRT5_2
Added Net: Name=NetTP12_1
Added Net: Name=PACK+
Added Net: Name=SMBC
Added Net: Name=SMBD
Added Class: Name=dji
Added Room: Name=dji
