Removed Pin From Net: NetName=GND Pin=C19-1
Removed Pin From Net: NetName=NetC18_2 Pin=C19-2
Removed Pin From Net: NetName=GND Pin=C20-1
Removed Pin From Net: NetName=NetC18_1 Pin=C20-2
Removed Pin From Net: NetName=CHGND Pin=D2-2
Removed Pin From Net: NetName=CHGND Pin=D3-2
Removed Pin From Net: NetName=CHGND Pin=D4-2
Removed Pin From Net: NetName=4P Pin=F1-1
Removed Pin From Net: NetName=4P Pin=F1-2
Removed Pin From Net: NetName=NetQ1_2 Pin=Q1-2
Removed Pin From Net: NetName=NetQ1_1 Pin=R5-1
Removed Pin From Net: NetName=NetQ1_1 Pin=R8-2
Removed Pin From Net: NetName=4P Pin=R32-2
Removed Pin From Net: NetName=GND Pin=RT3-1
Removed Pin From Net: NetName=GND Pin=RT4-1
Removed Pin From Net: NetName=GND Pin=RT5-1
Removed Pin From Net: NetName=PACK+ Pin=S1-B'
Removed Pin From Net: NetName=PACK+ Pin=S1-B
Removed Member From Class: ClassName=dji_3s_battery Member=C19
Removed Member From Class: ClassName=dji_3s_battery Member=C20
Removed Member From Class: ClassName=dji_3s_battery Member=F1
Removed Member From Class: ClassName=dji_3s_battery Member=R24
Removed Member From Class: ClassName=dji_3s_battery Member=R26
Removed Member From Class: ClassName=dji_3s_battery Member=R32
Removed Member From Class: ClassName=dji_3s_battery Member=RT3
Removed Member From Class: ClassName=dji_3s_battery Member=RT4
Removed Member From Class: ClassName=dji_3s_battery Member=RT5
Removed Member From Class: ClassName=dji_3s_battery Member=S1
Change Component Footprint: Designator=D2 Old Footprint=SOD-323 New Footprint=ESD_Diode
Change Component Footprint: Designator=D3 Old Footprint=SOD-323 New Footprint=ESD_Diode
Change Component Footprint: Designator=D4 Old Footprint=SOD-323 New Footprint=ESD_Diode
Change Component Footprint: Designator=Q1 Old Footprint=SOT-23 New Footprint=1C530L_N_MOS
Change Component Comment : Designator=D2 Old Comment=D-MM3Z_SERIES New Comment=ESD_Diode
Change Component Comment : Designator=D3 Old Comment=D-MM3Z_SERIES New Comment=ESD_Diode
Change Component Comment : Designator=D4 Old Comment=D-MM3Z_SERIES New Comment=ESD_Diode
Change Component Comment : Designator=Q1 Old Comment=TR-FDN358P New Comment=1C530L_N_MOS
Change component parameters. Clean all parameters for all variants
Change component parameters (AddParameter): Name = "Alternate Manufacturer"; Value = ""; VariantName = "[No Variations]"
Change component parameters (AddParameter): Name = "Alternate PartNumber"; Value = ""; VariantName = "[No Variations]"
Change component parameters (AddParameter): Name = "Altium Migration"; Value = ""; VariantName = "[No Variations]"
Change component parameters (AddParameter): Name = "Area"; Value = "20,000"; VariantName = "[No Variations]"
Change component parameters (AddParameter): Name = "ComponentLink1Description"; Value = "AEO Datasheet Link"; VariantName = "[No Variations]"
Change component parameters (AddParameter): Name = "Manufacturer"; Value = "Reidon"; VariantName = "[No Variations]"
Change component parameters (AddParameter): Name = "PackageReference"; Value = "1206"; VariantName = "[No Variations]"
Change component parameters (AddParameter): Name = "PartNumber"; Value = "CSR1206-0R001F1"; VariantName = "[No Variations]"
Change component parameters (AddParameter): Name = "SymbolVersion"; Value = "05/06/2011 13:59:00"; VariantName = "[No Variations]"
Change component parameters (AddParameter): Name = "Value"; Value = "0.003"; VariantName = "[No Variations]"
Change component parameters. Clean all parameters for all variants
Change component parameters. Clean all parameters for all variants
Change component parameters. Clean all parameters for all variants
Change component parameters. Clean all parameters for all variants
Added Component: Designator=Q8(1C530L_N_MOS)
Add component. Clean all parameters for all variants
Added Component: Designator=R4(R1206)
Add component. Clean all parameters for all variants
Add component (AddParameter): Name = "Alternate Manufacturer"; Value = ""; VariantName = "[No Variations]"
Add component (AddParameter): Name = "Alternate PartNumber"; Value = ""; VariantName = "[No Variations]"
Add component (AddParameter): Name = "Altium Migration"; Value = ""; VariantName = "[No Variations]"
Add component (AddParameter): Name = "Area"; Value = "20,000"; VariantName = "[No Variations]"
Add component (AddParameter): Name = "ComponentLink1Description"; Value = "AEO Datasheet Link"; VariantName = "[No Variations]"
Add component (AddParameter): Name = "Manufacturer"; Value = "Reidon"; VariantName = "[No Variations]"
Add component (AddParameter): Name = "PackageReference"; Value = "1206"; VariantName = "[No Variations]"
Add component (AddParameter): Name = "PartNumber"; Value = "CSR1206-0R001F1"; VariantName = "[No Variations]"
Add component (AddParameter): Name = "SymbolVersion"; Value = "05/06/2011 13:59:00"; VariantName = "[No Variations]"
Add component (AddParameter): Name = "Value"; Value = "0.003"; VariantName = "[No Variations]"
Added Pin To Net: NetName=CHGND Pin=D2-1
Added Pin To Net: NetName=CHGND Pin=D3-1
Added Pin To Net: NetName=CHGND Pin=D4-1
Added Pin To Net: NetName=NetQ1_2 Pin=Q1-5
Added Pin To Net: NetName=4P Pin=Q8-1
Added Pin To Net: NetName=4P Pin=Q8-2
Added Pin To Net: NetName=4P Pin=Q8-3
Added Pin To Net: NetName=NetC3_2 Pin=Q8-4
Added Pin To Net: NetName=AGND Pin=Q8-5
Added Pin To Net: NetName=NetQ1_1 Pin=R1-2
Added Pin To Net: NetName=AGND Pin=R4-1
Added Pin To Net: NetName=CHGND Pin=R4-2
Added Pin To Net: NetName=4P Pin=TP8-1
Added Pin To Net: NetName=NetRT2_2 Pin=U1-11
Added Pin To Net: NetName=NetRT2_2 Pin=U1-12
Added Pin To Net: NetName=NetRT2_2 Pin=U1-13
Change Net Name : Old Net Name=NetQ1_2 New Net Name=NetQ1_5
Added Pin To Net: NetName=NetD2_2 Pin=D2-2
Added Pin To Net: NetName=NetD2_2 Pin=R25-1
Added Pin To Net: NetName=NetD2_2 Pin=U1-19
Added Net: Name=NetD2_2
Added Pin To Net: NetName=NetD3_2 Pin=D3-2
Added Pin To Net: NetName=NetD3_2 Pin=R27-1
Added Pin To Net: NetName=NetD3_2 Pin=U1-18
Added Net: Name=NetD3_2
Added Pin To Net: NetName=NetD4_2 Pin=D4-2
Added Pin To Net: NetName=NetD4_2 Pin=R28-2
Added Pin To Net: NetName=NetD4_2 Pin=R29-1
Added Net: Name=NetD4_2
Added Pin To Net: NetName=NetR5_1 Pin=R5-1
Added Pin To Net: NetName=NetR5_1 Pin=R8-2
Added Net: Name=NetR5_1
Added Member To Class: ClassName=dji_3s_battery Member=Component Q8 1C530L_N_MOS
Added Member To Class: ClassName=dji_3s_battery Member=Component R4 CSR1206-0R001F1
Added Room: Name=dji_3s_battery
