Removed Pin From Net: NetName=NetC23_2 Pin=U2-1
Removed Pin From Net: NetName=NetC7_2 Pin=U2-2
Removed Pin From Net: NetName=NetC24_2 Pin=U2-4
Removed Pin From Net: NetName=NetC7_2 Pin=U2-6
Removed Pin From Net: NetName=NetR26_1 Pin=U2-7
Removed Pin From Net: NetName=NetR34_1 Pin=U2-8
Removed Pin From Net: NetName=PACK+ Pin=U2-9
Removed Pin From Net: NetName=NetC19_2 Pin=U2-10
Removed Pin From Net: NetName=C_GND Pin=U2-11
Removed Pin From Net: NetName=NetC20_2 Pin=U2-12
Removed Pin From Net: NetName=NetC20_2 Pin=U2-13
Removed Pin From Net: NetName=NetC6_1 Pin=U2-14
Removed Pin From Net: NetName=NetC6_2 Pin=U2-16
Removed Pin From Net: NetName=C_GND Pin=U2-17
Removed Member From Class: ClassName=dji_3s_battery Member=U2
Change Component Designator: OldDesignator=BTP NewDesignator=TP12
Change Component Designator: OldDesignator=SRN NewDesignator=TP2
Change Component Designator: OldDesignator=SRP NewDesignator=TP1
Added Component: Designator=U?(BQ25703A)
Add component. Clean all parameters for all variants
Added Component: Designator=U?(SOT-23 - duplicate)
Add component. Clean all parameters for all variants
Added Component: Designator=U?(STM32G071CBT6)
Add component. Clean all parameters for all variants
Added Member To Class: ClassName=dji_3s_battery Member=Component U? BQ25703A
Added Member To Class: ClassName=dji_3s_battery Member=Component U? 5333B
Added Member To Class: ClassName=dji_3s_battery Member=Component U? STM32G071CBT6
Added Room: Name=dji_3s_battery
