Change Component DesignItemId : Designator=R11 Old DesignItemId=R0603_1% New DesignItemId=R1206_1%
Change Component DesignItemId : Designator=R14 Old DesignItemId=R0603_1% New DesignItemId=R1206_1%
Change Component DesignItemId : Designator=R15 Old DesignItemId=R0603_1% New DesignItemId=R1206_1%
Change Component DesignItemId : Designator=R20 Old DesignItemId=R0603_1% New DesignItemId=R1206_1%
Change Component DesignItemId : Designator=R4 Old DesignItemId=R1206_1% New DesignItemId=R2512_5%
Change Component DesignItemId : Designator=R19 Old DesignItemId=R1206_1% New DesignItemId=R2512_5%
Change Component Footprint: Designator=R11 Old Footprint=0603 New Footprint=R1206
Change Component Footprint: Designator=R14 Old Footprint=0603 New Footprint=R1206
Change Component Footprint: Designator=R15 Old Footprint=0603 New Footprint=R1206
Change Component Footprint: Designator=R20 Old Footprint=0603 New Footprint=R1206
Change Component Footprint: Designator=R4 Old Footprint=R1206 New Footprint=R2512
Change Component Footprint: Designator=R19 Old Footprint=R1206 New Footprint=R2512
Change Component Comment : Designator=R11 Old Comment=CRCW0603100RJNEAHP New Comment=CSR1206-0R001F1
Change Component Comment : Designator=R14 Old Comment=CRCW0603100RJNEAHP New Comment=CSR1206-0R001F1
Change Component Comment : Designator=R15 Old Comment=CRCW0603100RJNEAHP New Comment=CSR1206-0R001F1
Change Component Comment : Designator=R20 Old Comment=CRCW0603100RJNEAHP New Comment=CSR1206-0R001F1
Change Component Comment : Designator=R4 Old Comment=CSR1206-0R001F1 New Comment=CRCW2512300RJNEG
Change Component Comment : Designator=R19 Old Comment=CSR1206-0R001F1 New Comment=CRCW2512300RJNEG
Change Component Designator: OldDesignator=BTP NewDesignator=TP12
Change Component Designator: OldDesignator=CHG NewDesignator=TP5
Change Component Designator: OldDesignator=DSG NewDesignator=TP6
Change Component Designator: OldDesignator=FUSE NewDesignator=TP7
Change Component Designator: OldDesignator=SMBC NewDesignator=TP9
Change Component Designator: OldDesignator=SMBD NewDesignator=TP10
Change Component Designator: OldDesignator=SRN NewDesignator=TP2
Change Component Designator: OldDesignator=SRP NewDesignator=TP1
Change Component Description : Designator=R4 Old Description=Resistor, Chip 1 watt, ¡À1%, 50 ppm New Description=Resistor, Chip 1W, 5%
Change Component Description : Designator=R19 Old Description=Resistor, Chip 1 watt, ¡À1%, 50 ppm New Description=Resistor, Chip 1W, 5%
Change Component Description : Designator=R11 Old Description=Resistor, Chip, 1/10W, 5% New Description=Resistor, Chip 1 watt, ¡À1%, 50 ppm
Change Component Description : Designator=R14 Old Description=Resistor, Chip, 1/10W, 5% New Description=Resistor, Chip 1 watt, ¡À1%, 50 ppm
Change Component Description : Designator=R15 Old Description=Resistor, Chip, 1/10W, 5% New Description=Resistor, Chip 1 watt, ¡À1%, 50 ppm
Change Component Description : Designator=R20 Old Description=Resistor, Chip, 1/10W, 5% New Description=Resistor, Chip 1 watt, ¡À1%, 50 ppm
Change Component Library : Designator=R4 Old Library=PADSlegacy_Passive.IntLib New Library=BQ4050.SCHLIB
Change Component Library : Designator=R11 Old Library=PADSlegacy_Passive.IntLib New Library=BQ4050.SCHLIB
Change Component Library : Designator=R14 Old Library=PADSlegacy_Passive.IntLib New Library=BQ4050.SCHLIB
Change Component Library : Designator=R15 Old Library=PADSlegacy_Passive.IntLib New Library=BQ4050.SCHLIB
Change Component Library : Designator=R19 Old Library=PADSlegacy_Passive.IntLib New Library=BQ4050.SCHLIB
Change Component Library : Designator=R20 Old Library=PADSlegacy_Passive.IntLib New Library=BQ4050.SCHLIB
Change component parameters. Clean all parameters for all variants
Change component parameters (AddParameter): Name = "Alternate Manufacturer"; Value = ""; VariantName = "[No Variations]"
Change component parameters (AddParameter): Name = "Alternate PartNumber"; Value = ""; VariantName = "[No Variations]"
Change component parameters (AddParameter): Name = "Altium Migration"; Value = ""; VariantName = "[No Variations]"
Change component parameters (AddParameter): Name = "Area"; Value = "20,000"; VariantName = "[No Variations]"
Change component parameters (AddParameter): Name = "ComponentLink1Description"; Value = "AEO Datasheet Link"; VariantName = "[No Variations]"
Change component parameters (AddParameter): Name = "Manufacturer"; Value = "Reidon"; VariantName = "[No Variations]"
Change component parameters (AddParameter): Name = "PackageReference"; Value = "1206"; VariantName = "[No Variations]"
Change component parameters (AddParameter): Name = "PartNumber"; Value = "CSR1206-0R001F1"; VariantName = "[No Variations]"
Change component parameters (AddParameter): Name = "SymbolVersion"; Value = "05/06/2011 13:59:00"; VariantName = "[No Variations]"
Change component parameters (AddParameter): Name = "Value"; Value = "50"; VariantName = "[No Variations]"
Change component parameters. Clean all parameters for all variants
Change component parameters (AddParameter): Name = "Alternate Manufacturer"; Value = ""; VariantName = "[No Variations]"
Change component parameters (AddParameter): Name = "Alternate PartNumber"; Value = ""; VariantName = "[No Variations]"
Change component parameters (AddParameter): Name = "Altium Migration"; Value = ""; VariantName = "[No Variations]"
Change component parameters (AddParameter): Name = "Area"; Value = "20,000"; VariantName = "[No Variations]"
Change component parameters (AddParameter): Name = "ComponentLink1Description"; Value = "AEO Datasheet Link"; VariantName = "[No Variations]"
Change component parameters (AddParameter): Name = "Manufacturer"; Value = "Reidon"; VariantName = "[No Variations]"
Change component parameters (AddParameter): Name = "PackageReference"; Value = "1206"; VariantName = "[No Variations]"
Change component parameters (AddParameter): Name = "PartNumber"; Value = "CSR1206-0R001F1"; VariantName = "[No Variations]"
Change component parameters (AddParameter): Name = "SymbolVersion"; Value = "05/06/2011 13:59:00"; VariantName = "[No Variations]"
Change component parameters (AddParameter): Name = "Value"; Value = "50"; VariantName = "[No Variations]"
Change component parameters. Clean all parameters for all variants
Change component parameters (AddParameter): Name = "Alternate Manufacturer"; Value = ""; VariantName = "[No Variations]"
Change component parameters (AddParameter): Name = "Alternate PartNumber"; Value = ""; VariantName = "[No Variations]"
Change component parameters (AddParameter): Name = "Altium Migration"; Value = ""; VariantName = "[No Variations]"
Change component parameters (AddParameter): Name = "Area"; Value = "20,000"; VariantName = "[No Variations]"
Change component parameters (AddParameter): Name = "ComponentLink1Description"; Value = "AEO Datasheet Link"; VariantName = "[No Variations]"
Change component parameters (AddParameter): Name = "Manufacturer"; Value = "Reidon"; VariantName = "[No Variations]"
Change component parameters (AddParameter): Name = "PackageReference"; Value = "1206"; VariantName = "[No Variations]"
Change component parameters (AddParameter): Name = "PartNumber"; Value = "CSR1206-0R001F1"; VariantName = "[No Variations]"
Change component parameters (AddParameter): Name = "SymbolVersion"; Value = "05/06/2011 13:59:00"; VariantName = "[No Variations]"
Change component parameters (AddParameter): Name = "Value"; Value = "50"; VariantName = "[No Variations]"
Change component parameters. Clean all parameters for all variants
Change component parameters (AddParameter): Name = "Alternate Manufacturer"; Value = ""; VariantName = "[No Variations]"
Change component parameters (AddParameter): Name = "Alternate PartNumber"; Value = ""; VariantName = "[No Variations]"
Change component parameters (AddParameter): Name = "Altium Migration"; Value = ""; VariantName = "[No Variations]"
Change component parameters (AddParameter): Name = "Area"; Value = "20,000"; VariantName = "[No Variations]"
Change component parameters (AddParameter): Name = "ComponentLink1Description"; Value = "AEO Datasheet Link"; VariantName = "[No Variations]"
Change component parameters (AddParameter): Name = "Manufacturer"; Value = "Reidon"; VariantName = "[No Variations]"
Change component parameters (AddParameter): Name = "PackageReference"; Value = "1206"; VariantName = "[No Variations]"
Change component parameters (AddParameter): Name = "PartNumber"; Value = "CSR1206-0R001F1"; VariantName = "[No Variations]"
Change component parameters (AddParameter): Name = "SymbolVersion"; Value = "05/06/2011 13:59:00"; VariantName = "[No Variations]"
Change component parameters (AddParameter): Name = "Value"; Value = "50"; VariantName = "[No Variations]"
Change component parameters. Clean all parameters for all variants
Change component parameters (AddParameter): Name = "Alternate Manufacturer"; Value = ""; VariantName = "[No Variations]"
Change component parameters (AddParameter): Name = "Alternate PartNumber"; Value = ""; VariantName = "[No Variations]"
Change component parameters (AddParameter): Name = "Altium Migration"; Value = ""; VariantName = "[No Variations]"
Change component parameters (AddParameter): Name = "Area"; Value = "56,000"; VariantName = "[No Variations]"
Change component parameters (AddParameter): Name = "ComponentLink1Description"; Value = "AEO Datasheet Link"; VariantName = "[No Variations]"
Change component parameters (AddParameter): Name = "Manufacturer"; Value = "Vishay-Dale"; VariantName = "[No Variations]"
Change component parameters (AddParameter): Name = "PackageReference"; Value = "2512"; VariantName = "[No Variations]"
Change component parameters (AddParameter): Name = "PartNumber"; Value = "CRCW2512300RJNEG"; VariantName = "[No Variations]"
Change component parameters (AddParameter): Name = "SymbolVersion"; Value = "05/06/2011 14:04:06"; VariantName = "[No Variations]"
Change component parameters (AddParameter): Name = "Value"; Value = "300"; VariantName = "[No Variations]"
Change component parameters. Clean all parameters for all variants
Change component parameters (AddParameter): Name = "Alternate Manufacturer"; Value = ""; VariantName = "[No Variations]"
Change component parameters (AddParameter): Name = "Alternate PartNumber"; Value = ""; VariantName = "[No Variations]"
Change component parameters (AddParameter): Name = "Altium Migration"; Value = ""; VariantName = "[No Variations]"
Change component parameters (AddParameter): Name = "Area"; Value = "56,000"; VariantName = "[No Variations]"
Change component parameters (AddParameter): Name = "ComponentLink1Description"; Value = "AEO Datasheet Link"; VariantName = "[No Variations]"
Change component parameters (AddParameter): Name = "Manufacturer"; Value = "Vishay-Dale"; VariantName = "[No Variations]"
Change component parameters (AddParameter): Name = "PackageReference"; Value = "2512"; VariantName = "[No Variations]"
Change component parameters (AddParameter): Name = "PartNumber"; Value = "CRCW2512300RJNEG"; VariantName = "[No Variations]"
Change component parameters (AddParameter): Name = "SymbolVersion"; Value = "05/06/2011 14:04:06"; VariantName = "[No Variations]"
Change component parameters (AddParameter): Name = "Value"; Value = "300"; VariantName = "[No Variations]"
Added Room: Name=dji_3s_battery
