Added Component: Designator=C1(C603)
Add component. Clean all parameters for all variants
Add component (AddParameter): Name = "Alternate Manufacturer"; Value = ""; VariantName = "[No Variations]"
Add component (AddParameter): Name = "Alternate PartNumber"; Value = ""; VariantName = "[No Variations]"
Add component (AddParameter): Name = "Altium Migration"; Value = ""; VariantName = "[No Variations]"
Add component (AddParameter): Name = "Area"; Value = "5650"; VariantName = "[No Variations]"
Add component (AddParameter): Name = "ComponentHeight"; Value = "0.035 inch"; VariantName = "[No Variations]"
Add component (AddParameter): Name = "ComponentLink1Description"; Value = "AEO Datasheet Link"; VariantName = "[No Variations]"
Add component (AddParameter): Name = "Manufacturer"; Value = "Kemet"; VariantName = "[No Variations]"
Add component (AddParameter): Name = "PackageReference"; Value = "603"; VariantName = "[No Variations]"
Add component (AddParameter): Name = "PartNumber"; Value = "C0603C104M5RACTU"; VariantName = "[No Variations]"
Add component (AddParameter): Name = "SymbolVersion"; Value = "07/31/2009 12:17:27"; VariantName = "[No Variations]"
Add component (AddParameter): Name = "Value"; Value = "0.1uF"; VariantName = "[No Variations]"
Added Component: Designator=C2(C603)
Add component. Clean all parameters for all variants
Add component (AddParameter): Name = "Alternate Manufacturer"; Value = ""; VariantName = "[No Variations]"
Add component (AddParameter): Name = "Alternate PartNumber"; Value = ""; VariantName = "[No Variations]"
Add component (AddParameter): Name = "Altium Migration"; Value = ""; VariantName = "[No Variations]"
Add component (AddParameter): Name = "Area"; Value = "5650"; VariantName = "[No Variations]"
Add component (AddParameter): Name = "ComponentHeight"; Value = "0.035 inch"; VariantName = "[No Variations]"
Add component (AddParameter): Name = "ComponentLink1Description"; Value = "AEO Datasheet Link"; VariantName = "[No Variations]"
Add component (AddParameter): Name = "Manufacturer"; Value = "Kemet"; VariantName = "[No Variations]"
Add component (AddParameter): Name = "PackageReference"; Value = "603"; VariantName = "[No Variations]"
Add component (AddParameter): Name = "PartNumber"; Value = "C0603C104M5RACTU"; VariantName = "[No Variations]"
Add component (AddParameter): Name = "SymbolVersion"; Value = "07/31/2009 12:17:27"; VariantName = "[No Variations]"
Add component (AddParameter): Name = "Value"; Value = "0.1uF"; VariantName = "[No Variations]"
Added Component: Designator=C3(C603)
Add component. Clean all parameters for all variants
Add component (AddParameter): Name = "Alternate Manufacturer"; Value = ""; VariantName = "[No Variations]"
Add component (AddParameter): Name = "Alternate PartNumber"; Value = ""; VariantName = "[No Variations]"
Add component (AddParameter): Name = "Altium Migration"; Value = ""; VariantName = "[No Variations]"
Add component (AddParameter): Name = "Area"; Value = "5650"; VariantName = "[No Variations]"
Add component (AddParameter): Name = "ComponentHeight"; Value = "0.035 inch"; VariantName = "[No Variations]"
Add component (AddParameter): Name = "ComponentLink1Description"; Value = "AEO Datasheet Link"; VariantName = "[No Variations]"
Add component (AddParameter): Name = "Manufacturer"; Value = "Kemet"; VariantName = "[No Variations]"
Add component (AddParameter): Name = "PackageReference"; Value = "603"; VariantName = "[No Variations]"
Add component (AddParameter): Name = "PartNumber"; Value = "C0603C104M5RACTU"; VariantName = "[No Variations]"
Add component (AddParameter): Name = "SymbolVersion"; Value = "07/31/2009 12:17:27"; VariantName = "[No Variations]"
Add component (AddParameter): Name = "Value"; Value = "0.1uF"; VariantName = "[No Variations]"
Added Component: Designator=C8(C603)
Add component. Clean all parameters for all variants
Add component (AddParameter): Name = "Alternate Manufacturer"; Value = ""; VariantName = "[No Variations]"
Add component (AddParameter): Name = "Alternate PartNumber"; Value = ""; VariantName = "[No Variations]"
Add component (AddParameter): Name = "Altium Migration"; Value = ""; VariantName = "[No Variations]"
Add component (AddParameter): Name = "Area"; Value = "5650"; VariantName = "[No Variations]"
Add component (AddParameter): Name = "ComponentHeight"; Value = "0.035 inch"; VariantName = "[No Variations]"
Add component (AddParameter): Name = "ComponentLink1Description"; Value = "AEO Datasheet Link"; VariantName = "[No Variations]"
Add component (AddParameter): Name = "Manufacturer"; Value = "Kemet"; VariantName = "[No Variations]"
Add component (AddParameter): Name = "PackageReference"; Value = "603"; VariantName = "[No Variations]"
Add component (AddParameter): Name = "PartNumber"; Value = "C0603C104M5RACTU"; VariantName = "[No Variations]"
Add component (AddParameter): Name = "SymbolVersion"; Value = "07/31/2009 12:17:27"; VariantName = "[No Variations]"
Add component (AddParameter): Name = "Value"; Value = "0.1uF"; VariantName = "[No Variations]"
Added Component: Designator=C10(C603)
Add component. Clean all parameters for all variants
Add component (AddParameter): Name = "Alternate Manufacturer"; Value = ""; VariantName = "[No Variations]"
Add component (AddParameter): Name = "Alternate PartNumber"; Value = ""; VariantName = "[No Variations]"
Add component (AddParameter): Name = "Altium Migration"; Value = ""; VariantName = "[No Variations]"
Add component (AddParameter): Name = "Area"; Value = "5650"; VariantName = "[No Variations]"
Add component (AddParameter): Name = "ComponentHeight"; Value = "0.035 inch"; VariantName = "[No Variations]"
Add component (AddParameter): Name = "ComponentLink1Description"; Value = "AEO Datasheet Link"; VariantName = "[No Variations]"
Add component (AddParameter): Name = "Manufacturer"; Value = "Kemet"; VariantName = "[No Variations]"
Add component (AddParameter): Name = "PackageReference"; Value = "603"; VariantName = "[No Variations]"
Add component (AddParameter): Name = "PartNumber"; Value = "C0603C104M5RACTU"; VariantName = "[No Variations]"
Add component (AddParameter): Name = "SymbolVersion"; Value = "07/31/2009 12:17:27"; VariantName = "[No Variations]"
Add component (AddParameter): Name = "Value"; Value = "0.1uF"; VariantName = "[No Variations]"
Added Component: Designator=C12(C603)
Add component. Clean all parameters for all variants
Add component (AddParameter): Name = "Alternate Manufacturer"; Value = ""; VariantName = "[No Variations]"
Add component (AddParameter): Name = "Alternate PartNumber"; Value = ""; VariantName = "[No Variations]"
Add component (AddParameter): Name = "Altium Migration"; Value = ""; VariantName = "[No Variations]"
Add component (AddParameter): Name = "Area"; Value = "5650"; VariantName = "[No Variations]"
Add component (AddParameter): Name = "ComponentHeight"; Value = "0.035 inch"; VariantName = "[No Variations]"
Add component (AddParameter): Name = "ComponentLink1Description"; Value = "AEO Datasheet Link"; VariantName = "[No Variations]"
Add component (AddParameter): Name = "Manufacturer"; Value = "Kemet"; VariantName = "[No Variations]"
Add component (AddParameter): Name = "PackageReference"; Value = "603"; VariantName = "[No Variations]"
Add component (AddParameter): Name = "PartNumber"; Value = "C0603C104M5RACTU"; VariantName = "[No Variations]"
Add component (AddParameter): Name = "SymbolVersion"; Value = "07/31/2009 12:17:27"; VariantName = "[No Variations]"
Add component (AddParameter): Name = "Value"; Value = "0.1uF"; VariantName = "[No Variations]"
Added Component: Designator=C14(C603)
Add component. Clean all parameters for all variants
Add component (AddParameter): Name = "Alternate Manufacturer"; Value = ""; VariantName = "[No Variations]"
Add component (AddParameter): Name = "Alternate PartNumber"; Value = ""; VariantName = "[No Variations]"
Add component (AddParameter): Name = "Altium Migration"; Value = ""; VariantName = "[No Variations]"
Add component (AddParameter): Name = "Area"; Value = "5650"; VariantName = "[No Variations]"
Add component (AddParameter): Name = "ComponentHeight"; Value = "0.035 inch"; VariantName = "[No Variations]"
Add component (AddParameter): Name = "ComponentLink1Description"; Value = "AEO Datasheet Link"; VariantName = "[No Variations]"
Add component (AddParameter): Name = "Manufacturer"; Value = "Kemet"; VariantName = "[No Variations]"
Add component (AddParameter): Name = "PackageReference"; Value = "603"; VariantName = "[No Variations]"
Add component (AddParameter): Name = "PartNumber"; Value = "C0603C104M5RACTU"; VariantName = "[No Variations]"
Add component (AddParameter): Name = "SymbolVersion"; Value = "07/31/2009 12:17:27"; VariantName = "[No Variations]"
Add component (AddParameter): Name = "Value"; Value = "0.1uF"; VariantName = "[No Variations]"
Added Component: Designator=C15(C603)
Add component. Clean all parameters for all variants
Add component (AddParameter): Name = "Alternate Manufacturer"; Value = ""; VariantName = "[No Variations]"
Add component (AddParameter): Name = "Alternate PartNumber"; Value = ""; VariantName = "[No Variations]"
Add component (AddParameter): Name = "Altium Migration"; Value = ""; VariantName = "[No Variations]"
Add component (AddParameter): Name = "Area"; Value = "5650"; VariantName = "[No Variations]"
Add component (AddParameter): Name = "ComponentHeight"; Value = "0.035 inch"; VariantName = "[No Variations]"
Add component (AddParameter): Name = "ComponentLink1Description"; Value = "AEO Datasheet Link"; VariantName = "[No Variations]"
Add component (AddParameter): Name = "Manufacturer"; Value = "Kemet"; VariantName = "[No Variations]"
Add component (AddParameter): Name = "PackageReference"; Value = "603"; VariantName = "[No Variations]"
Add component (AddParameter): Name = "PartNumber"; Value = "C0603C104M5RACTU"; VariantName = "[No Variations]"
Add component (AddParameter): Name = "SymbolVersion"; Value = "07/31/2009 12:17:27"; VariantName = "[No Variations]"
Add component (AddParameter): Name = "Value"; Value = "0.1uF"; VariantName = "[No Variations]"
Added Component: Designator=C16(C603)
Add component. Clean all parameters for all variants
Add component (AddParameter): Name = "Alternate Manufacturer"; Value = ""; VariantName = "[No Variations]"
Add component (AddParameter): Name = "Alternate PartNumber"; Value = ""; VariantName = "[No Variations]"
Add component (AddParameter): Name = "Altium Migration"; Value = ""; VariantName = "[No Variations]"
Add component (AddParameter): Name = "Area"; Value = "5650"; VariantName = "[No Variations]"
Add component (AddParameter): Name = "ComponentHeight"; Value = "0.035 inch"; VariantName = "[No Variations]"
Add component (AddParameter): Name = "ComponentLink1Description"; Value = "AEO Datasheet Link"; VariantName = "[No Variations]"
Add component (AddParameter): Name = "Manufacturer"; Value = "Kemet"; VariantName = "[No Variations]"
Add component (AddParameter): Name = "PackageReference"; Value = "603"; VariantName = "[No Variations]"
Add component (AddParameter): Name = "PartNumber"; Value = "C0603C104M5RACTU"; VariantName = "[No Variations]"
Add component (AddParameter): Name = "SymbolVersion"; Value = "07/31/2009 12:17:27"; VariantName = "[No Variations]"
Add component (AddParameter): Name = "Value"; Value = "0.1uF"; VariantName = "[No Variations]"
Added Component: Designator=C17(C603)
Add component. Clean all parameters for all variants
Add component (AddParameter): Name = "Alternate Manufacturer"; Value = ""; VariantName = "[No Variations]"
Add component (AddParameter): Name = "Alternate PartNumber"; Value = ""; VariantName = "[No Variations]"
Add component (AddParameter): Name = "Altium Migration"; Value = ""; VariantName = "[No Variations]"
Add component (AddParameter): Name = "Area"; Value = "5650"; VariantName = "[No Variations]"
Add component (AddParameter): Name = "ComponentHeight"; Value = "0.035 inch"; VariantName = "[No Variations]"
Add component (AddParameter): Name = "ComponentLink1Description"; Value = "AEO Datasheet Link"; VariantName = "[No Variations]"
Add component (AddParameter): Name = "Manufacturer"; Value = "Kemet"; VariantName = "[No Variations]"
Add component (AddParameter): Name = "PackageReference"; Value = "603"; VariantName = "[No Variations]"
Add component (AddParameter): Name = "PartNumber"; Value = "C0603C104M5RACTU"; VariantName = "[No Variations]"
Add component (AddParameter): Name = "SymbolVersion"; Value = "07/31/2009 12:17:27"; VariantName = "[No Variations]"
Add component (AddParameter): Name = "Value"; Value = "0.1uF"; VariantName = "[No Variations]"
Added Component: Designator=C18(C603)
Add component. Clean all parameters for all variants
Add component (AddParameter): Name = "Alternate Manufacturer"; Value = ""; VariantName = "[No Variations]"
Add component (AddParameter): Name = "Alternate PartNumber"; Value = ""; VariantName = "[No Variations]"
Add component (AddParameter): Name = "Altium Migration"; Value = ""; VariantName = "[No Variations]"
Add component (AddParameter): Name = "Area"; Value = "5650"; VariantName = "[No Variations]"
Add component (AddParameter): Name = "ComponentHeight"; Value = "0.035 inch"; VariantName = "[No Variations]"
Add component (AddParameter): Name = "ComponentLink1Description"; Value = "AEO Datasheet Link"; VariantName = "[No Variations]"
Add component (AddParameter): Name = "Manufacturer"; Value = "Kemet"; VariantName = "[No Variations]"
Add component (AddParameter): Name = "PackageReference"; Value = "603"; VariantName = "[No Variations]"
Add component (AddParameter): Name = "PartNumber"; Value = "C0603C104M5RACTU"; VariantName = "[No Variations]"
Add component (AddParameter): Name = "SymbolVersion"; Value = "07/31/2009 12:17:27"; VariantName = "[No Variations]"
Add component (AddParameter): Name = "Value"; Value = "0.1uF"; VariantName = "[No Variations]"
Added Component: Designator=C19(C603)
Add component. Clean all parameters for all variants
Add component (AddParameter): Name = "Alternate Manufacturer"; Value = ""; VariantName = "[No Variations]"
Add component (AddParameter): Name = "Alternate PartNumber"; Value = ""; VariantName = "[No Variations]"
Add component (AddParameter): Name = "Altium Migration"; Value = ""; VariantName = "[No Variations]"
Add component (AddParameter): Name = "Area"; Value = "5650"; VariantName = "[No Variations]"
Add component (AddParameter): Name = "ComponentHeight"; Value = "0.035 inch"; VariantName = "[No Variations]"
Add component (AddParameter): Name = "ComponentLink1Description"; Value = "AEO Datasheet Link"; VariantName = "[No Variations]"
Add component (AddParameter): Name = "Manufacturer"; Value = "Kemet"; VariantName = "[No Variations]"
Add component (AddParameter): Name = "PackageReference"; Value = "603"; VariantName = "[No Variations]"
Add component (AddParameter): Name = "PartNumber"; Value = "C0603C104M5RACTU"; VariantName = "[No Variations]"
Add component (AddParameter): Name = "SymbolVersion"; Value = "07/31/2009 12:17:27"; VariantName = "[No Variations]"
Add component (AddParameter): Name = "Value"; Value = "DNP"; VariantName = "[No Variations]"
Added Component: Designator=C20(C603)
Add component. Clean all parameters for all variants
Add component (AddParameter): Name = "Alternate Manufacturer"; Value = ""; VariantName = "[No Variations]"
Add component (AddParameter): Name = "Alternate PartNumber"; Value = ""; VariantName = "[No Variations]"
Add component (AddParameter): Name = "Altium Migration"; Value = ""; VariantName = "[No Variations]"
Add component (AddParameter): Name = "Area"; Value = "5650"; VariantName = "[No Variations]"
Add component (AddParameter): Name = "ComponentHeight"; Value = "0.035 inch"; VariantName = "[No Variations]"
Add component (AddParameter): Name = "ComponentLink1Description"; Value = "AEO Datasheet Link"; VariantName = "[No Variations]"
Add component (AddParameter): Name = "Manufacturer"; Value = "Kemet"; VariantName = "[No Variations]"
Add component (AddParameter): Name = "PackageReference"; Value = "603"; VariantName = "[No Variations]"
Add component (AddParameter): Name = "PartNumber"; Value = "C0603C104M5RACTU"; VariantName = "[No Variations]"
Add component (AddParameter): Name = "SymbolVersion"; Value = "07/31/2009 12:17:27"; VariantName = "[No Variations]"
Add component (AddParameter): Name = "Value"; Value = "DNP"; VariantName = "[No Variations]"
Added Component: Designator=C21(C603)
Add component. Clean all parameters for all variants
Add component (AddParameter): Name = "Alternate Manufacturer"; Value = ""; VariantName = "[No Variations]"
Add component (AddParameter): Name = "Alternate PartNumber"; Value = ""; VariantName = "[No Variations]"
Add component (AddParameter): Name = "Altium Migration"; Value = ""; VariantName = "[No Variations]"
Add component (AddParameter): Name = "Area"; Value = "5650"; VariantName = "[No Variations]"
Add component (AddParameter): Name = "ComponentHeight"; Value = "0.035 inch"; VariantName = "[No Variations]"
Add component (AddParameter): Name = "ComponentLink1Description"; Value = "AEO Datasheet Link"; VariantName = "[No Variations]"
Add component (AddParameter): Name = "Manufacturer"; Value = "Kemet"; VariantName = "[No Variations]"
Add component (AddParameter): Name = "PackageReference"; Value = "603"; VariantName = "[No Variations]"
Add component (AddParameter): Name = "PartNumber"; Value = "C0603C104M5RACTU"; VariantName = "[No Variations]"
Add component (AddParameter): Name = "SymbolVersion"; Value = "07/31/2009 12:17:27"; VariantName = "[No Variations]"
Add component (AddParameter): Name = "Value"; Value = "DNP"; VariantName = "[No Variations]"
Added Component: Designator=R2(0603)
Add component. Clean all parameters for all variants
Add component (AddParameter): Name = "Alternate Manufacturer"; Value = ""; VariantName = "[No Variations]"
Add component (AddParameter): Name = "Alternate PartNumber"; Value = ""; VariantName = "[No Variations]"
Add component (AddParameter): Name = "Altium Migration"; Value = ""; VariantName = "[No Variations]"
Add component (AddParameter): Name = "Area"; Value = "9100"; VariantName = "[No Variations]"
Add component (AddParameter): Name = "ComponentLink1Description"; Value = "AEO Datasheet Link"; VariantName = "[No Variations]"
Add component (AddParameter): Name = "Manufacturer"; Value = "Vishay-Dale"; VariantName = "[No Variations]"
Add component (AddParameter): Name = "PackageReference"; Value = "603"; VariantName = "[No Variations]"
Add component (AddParameter): Name = "PartNumber"; Value = "CRCW060310M0JNEA"; VariantName = "[No Variations]"
Add component (AddParameter): Name = "SymbolVersion"; Value = "05/06/2011 13:51:33"; VariantName = "[No Variations]"
Add component (AddParameter): Name = "Value"; Value = "10M"; VariantName = "[No Variations]"
Added Component: Designator=R3(0603)
Add component. Clean all parameters for all variants
Add component (AddParameter): Name = "Alternate Manufacturer"; Value = ""; VariantName = "[No Variations]"
Add component (AddParameter): Name = "Alternate PartNumber"; Value = ""; VariantName = "[No Variations]"
Add component (AddParameter): Name = "Altium Migration"; Value = ""; VariantName = "[No Variations]"
Add component (AddParameter): Name = "Area"; Value = "9100"; VariantName = "[No Variations]"
Add component (AddParameter): Name = "ComponentLink1Description"; Value = "AEO Datasheet Link"; VariantName = "[No Variations]"
Add component (AddParameter): Name = "Manufacturer"; Value = "Vishay-Dale"; VariantName = "[No Variations]"
Add component (AddParameter): Name = "PackageReference"; Value = "603"; VariantName = "[No Variations]"
Add component (AddParameter): Name = "PartNumber"; Value = "CRCW060310M0JNEA"; VariantName = "[No Variations]"
Add component (AddParameter): Name = "SymbolVersion"; Value = "05/06/2011 13:51:33"; VariantName = "[No Variations]"
Add component (AddParameter): Name = "Value"; Value = "10M"; VariantName = "[No Variations]"
Added Component: Designator=R4(0603)
Add component. Clean all parameters for all variants
Add component (AddParameter): Name = "Alternate Manufacturer"; Value = ""; VariantName = "[No Variations]"
Add component (AddParameter): Name = "Alternate PartNumber"; Value = ""; VariantName = "[No Variations]"
Add component (AddParameter): Name = "Altium Migration"; Value = ""; VariantName = "[No Variations]"
Add component (AddParameter): Name = "Area"; Value = "9100"; VariantName = "[No Variations]"
Add component (AddParameter): Name = "ComponentLink1Description"; Value = "AEO Datasheet Link"; VariantName = "[No Variations]"
Add component (AddParameter): Name = "Manufacturer"; Value = "Vishay-Dale"; VariantName = "[No Variations]"
Add component (AddParameter): Name = "PackageReference"; Value = "603"; VariantName = "[No Variations]"
Add component (AddParameter): Name = "PartNumber"; Value = "CRCW060310K0JNEA"; VariantName = "[No Variations]"
Add component (AddParameter): Name = "SymbolVersion"; Value = "05/06/2011 13:51:33"; VariantName = "[No Variations]"
Add component (AddParameter): Name = "Value"; Value = "10K"; VariantName = "[No Variations]"
Added Component: Designator=R5(0603)
Add component. Clean all parameters for all variants
Add component (AddParameter): Name = "Alternate Manufacturer"; Value = ""; VariantName = "[No Variations]"
Add component (AddParameter): Name = "Alternate PartNumber"; Value = ""; VariantName = "[No Variations]"
Add component (AddParameter): Name = "Altium Migration"; Value = ""; VariantName = "[No Variations]"
Add component (AddParameter): Name = "Area"; Value = "9100"; VariantName = "[No Variations]"
Add component (AddParameter): Name = "ComponentLink1Description"; Value = "AEO Datasheet Link"; VariantName = "[No Variations]"
Add component (AddParameter): Name = "Manufacturer"; Value = "Vishay-Dale"; VariantName = "[No Variations]"
Add component (AddParameter): Name = "PackageReference"; Value = "603"; VariantName = "[No Variations]"
Add component (AddParameter): Name = "PartNumber"; Value = "CRCW060310M0JNEA"; VariantName = "[No Variations]"
Add component (AddParameter): Name = "SymbolVersion"; Value = "05/06/2011 13:51:33"; VariantName = "[No Variations]"
Add component (AddParameter): Name = "Value"; Value = "10M"; VariantName = "[No Variations]"
Added Component: Designator=R6(0603)
Add component. Clean all parameters for all variants
Add component (AddParameter): Name = "Alternate Manufacturer"; Value = ""; VariantName = "[No Variations]"
Add component (AddParameter): Name = "Alternate PartNumber"; Value = ""; VariantName = "[No Variations]"
Add component (AddParameter): Name = "Altium Migration"; Value = ""; VariantName = "[No Variations]"
Add component (AddParameter): Name = "Area"; Value = "9100"; VariantName = "[No Variations]"
Add component (AddParameter): Name = "ComponentLink1Description"; Value = "AEO Datasheet Link"; VariantName = "[No Variations]"
Add component (AddParameter): Name = "Manufacturer"; Value = "Vishay-Dale"; VariantName = "[No Variations]"
Add component (AddParameter): Name = "PackageReference"; Value = "603"; VariantName = "[No Variations]"
Add component (AddParameter): Name = "PartNumber"; Value = "CRCW060351K0JNEA"; VariantName = "[No Variations]"
Add component (AddParameter): Name = "SymbolVersion"; Value = "05/06/2011 13:51:33"; VariantName = "[No Variations]"
Add component (AddParameter): Name = "Value"; Value = "51K"; VariantName = "[No Variations]"
Added Component: Designator=R7(0603)
Add component. Clean all parameters for all variants
Add component (AddParameter): Name = "Alternate Manufacturer"; Value = ""; VariantName = "[No Variations]"
Add component (AddParameter): Name = "Alternate PartNumber"; Value = ""; VariantName = "[No Variations]"
Add component (AddParameter): Name = "Altium Migration"; Value = ""; VariantName = "[No Variations]"
Add component (AddParameter): Name = "Area"; Value = "9100"; VariantName = "[No Variations]"
Add component (AddParameter): Name = "ComponentLink1Description"; Value = "AEO Datasheet Link"; VariantName = "[No Variations]"
Add component (AddParameter): Name = "Manufacturer"; Value = "Vishay-Dale"; VariantName = "[No Variations]"
Add component (AddParameter): Name = "PackageReference"; Value = "603"; VariantName = "[No Variations]"
Add component (AddParameter): Name = "PartNumber"; Value = "CRCW06035K10JNEA"; VariantName = "[No Variations]"
Add component (AddParameter): Name = "SymbolVersion"; Value = "05/06/2011 13:51:33"; VariantName = "[No Variations]"
Add component (AddParameter): Name = "Value"; Value = "5.1K"; VariantName = "[No Variations]"
Added Component: Designator=R8(0603)
Add component. Clean all parameters for all variants
Add component (AddParameter): Name = "Alternate Manufacturer"; Value = ""; VariantName = "[No Variations]"
Add component (AddParameter): Name = "Alternate PartNumber"; Value = ""; VariantName = "[No Variations]"
Add component (AddParameter): Name = "Altium Migration"; Value = ""; VariantName = "[No Variations]"
Add component (AddParameter): Name = "Area"; Value = "9100"; VariantName = "[No Variations]"
Add component (AddParameter): Name = "ComponentLink1Description"; Value = "AEO Datasheet Link"; VariantName = "[No Variations]"
Add component (AddParameter): Name = "Manufacturer"; Value = "Vishay-Dale"; VariantName = "[No Variations]"
Add component (AddParameter): Name = "PackageReference"; Value = "603"; VariantName = "[No Variations]"
Add component (AddParameter): Name = "PartNumber"; Value = "CRCW06035K10JNEA"; VariantName = "[No Variations]"
Add component (AddParameter): Name = "SymbolVersion"; Value = "05/06/2011 13:51:33"; VariantName = "[No Variations]"
Add component (AddParameter): Name = "Value"; Value = "5.1K"; VariantName = "[No Variations]"
Added Component: Designator=R9(0603)
Add component. Clean all parameters for all variants
Add component (AddParameter): Name = "Alternate Manufacturer"; Value = ""; VariantName = "[No Variations]"
Add component (AddParameter): Name = "Alternate PartNumber"; Value = ""; VariantName = "[No Variations]"
Add component (AddParameter): Name = "Altium Migration"; Value = ""; VariantName = "[No Variations]"
Add component (AddParameter): Name = "Area"; Value = "9100"; VariantName = "[No Variations]"
Add component (AddParameter): Name = "ComponentLink1Description"; Value = "AEO Datasheet Link"; VariantName = "[No Variations]"
Add component (AddParameter): Name = "Manufacturer"; Value = "Vishay-Dale"; VariantName = "[No Variations]"
Add component (AddParameter): Name = "PackageReference"; Value = "603"; VariantName = "[No Variations]"
Add component (AddParameter): Name = "PartNumber"; Value = "CRCW0603100RJNEAHP"; VariantName = "[No Variations]"
Add component (AddParameter): Name = "SymbolVersion"; Value = "05/06/2011 13:51:33"; VariantName = "[No Variations]"
Add component (AddParameter): Name = "Value"; Value = "100"; VariantName = "[No Variations]"
Added Component: Designator=R10(0603)
Add component. Clean all parameters for all variants
Add component (AddParameter): Name = "Alternate Manufacturer"; Value = ""; VariantName = "[No Variations]"
Add component (AddParameter): Name = "Alternate PartNumber"; Value = ""; VariantName = "[No Variations]"
Add component (AddParameter): Name = "Altium Migration"; Value = ""; VariantName = "[No Variations]"
Add component (AddParameter): Name = "Area"; Value = "9100"; VariantName = "[No Variations]"
Add component (AddParameter): Name = "ComponentLink1Description"; Value = "AEO Datasheet Link"; VariantName = "[No Variations]"
Add component (AddParameter): Name = "Manufacturer"; Value = "Vishay-Dale"; VariantName = "[No Variations]"
Add component (AddParameter): Name = "PackageReference"; Value = "603"; VariantName = "[No Variations]"
Add component (AddParameter): Name = "PartNumber"; Value = "CRCW06035K10JNEA"; VariantName = "[No Variations]"
Add component (AddParameter): Name = "SymbolVersion"; Value = "05/06/2011 13:51:33"; VariantName = "[No Variations]"
Add component (AddParameter): Name = "Value"; Value = "5.1K"; VariantName = "[No Variations]"
Added Component: Designator=R12(0603)
Add component. Clean all parameters for all variants
Add component (AddParameter): Name = "Alternate Manufacturer"; Value = ""; VariantName = "[No Variations]"
Add component (AddParameter): Name = "Alternate PartNumber"; Value = ""; VariantName = "[No Variations]"
Add component (AddParameter): Name = "Altium Migration"; Value = ""; VariantName = "[No Variations]"
Add component (AddParameter): Name = "Area"; Value = "9100"; VariantName = "[No Variations]"
Add component (AddParameter): Name = "ComponentLink1Description"; Value = "AEO Datasheet Link"; VariantName = "[No Variations]"
Add component (AddParameter): Name = "Manufacturer"; Value = "Vishay-Dale"; VariantName = "[No Variations]"
Add component (AddParameter): Name = "PackageReference"; Value = "603"; VariantName = "[No Variations]"
Add component (AddParameter): Name = "PartNumber"; Value = "CRCW060310K0JNEA"; VariantName = "[No Variations]"
Add component (AddParameter): Name = "SymbolVersion"; Value = "05/06/2011 13:51:33"; VariantName = "[No Variations]"
Add component (AddParameter): Name = "Value"; Value = "10K"; VariantName = "[No Variations]"
Added Component: Designator=R17(0603)
Add component. Clean all parameters for all variants
Add component (AddParameter): Name = "Alternate Manufacturer"; Value = ""; VariantName = "[No Variations]"
Add component (AddParameter): Name = "Alternate PartNumber"; Value = ""; VariantName = "[No Variations]"
Add component (AddParameter): Name = "Altium Migration"; Value = ""; VariantName = "[No Variations]"
Add component (AddParameter): Name = "Area"; Value = "9100"; VariantName = "[No Variations]"
Add component (AddParameter): Name = "ComponentLink1Description"; Value = "AEO Datasheet Link"; VariantName = "[No Variations]"
Add component (AddParameter): Name = "Manufacturer"; Value = "Vishay-Dale"; VariantName = "[No Variations]"
Add component (AddParameter): Name = "PackageReference"; Value = "603"; VariantName = "[No Variations]"
Add component (AddParameter): Name = "PartNumber"; Value = "CRCW06035K10JNEA"; VariantName = "[No Variations]"
Add component (AddParameter): Name = "SymbolVersion"; Value = "05/06/2011 13:51:33"; VariantName = "[No Variations]"
Add component (AddParameter): Name = "Value"; Value = "5.1K"; VariantName = "[No Variations]"
Added Component: Designator=R20(0603)
Add component. Clean all parameters for all variants
Add component (AddParameter): Name = "Alternate Manufacturer"; Value = ""; VariantName = "[No Variations]"
Add component (AddParameter): Name = "Alternate PartNumber"; Value = ""; VariantName = "[No Variations]"
Add component (AddParameter): Name = "Altium Migration"; Value = ""; VariantName = "[No Variations]"
Add component (AddParameter): Name = "Area"; Value = "9100"; VariantName = "[No Variations]"
Add component (AddParameter): Name = "ComponentLink1Description"; Value = "AEO Datasheet Link"; VariantName = "[No Variations]"
Add component (AddParameter): Name = "Manufacturer"; Value = "Vishay-Dale"; VariantName = "[No Variations]"
Add component (AddParameter): Name = "PackageReference"; Value = "603"; VariantName = "[No Variations]"
Add component (AddParameter): Name = "PartNumber"; Value = "CRCW0603100RJNEAHP"; VariantName = "[No Variations]"
Add component (AddParameter): Name = "SymbolVersion"; Value = "05/06/2011 13:51:33"; VariantName = "[No Variations]"
Add component (AddParameter): Name = "Value"; Value = "100"; VariantName = "[No Variations]"
Added Component: Designator=R21(0603)
Add component. Clean all parameters for all variants
Add component (AddParameter): Name = "Alternate Manufacturer"; Value = ""; VariantName = "[No Variations]"
Add component (AddParameter): Name = "Alternate PartNumber"; Value = ""; VariantName = "[No Variations]"
Add component (AddParameter): Name = "Altium Migration"; Value = ""; VariantName = "[No Variations]"
Add component (AddParameter): Name = "Area"; Value = "9100"; VariantName = "[No Variations]"
Add component (AddParameter): Name = "ComponentLink1Description"; Value = "AEO Datasheet Link"; VariantName = "[No Variations]"
Add component (AddParameter): Name = "Manufacturer"; Value = "Vishay-Dale"; VariantName = "[No Variations]"
Add component (AddParameter): Name = "PackageReference"; Value = "603"; VariantName = "[No Variations]"
Add component (AddParameter): Name = "PartNumber"; Value = "CRCW0603100RJNEAHP"; VariantName = "[No Variations]"
Add component (AddParameter): Name = "SymbolVersion"; Value = "05/06/2011 13:51:33"; VariantName = "[No Variations]"
Add component (AddParameter): Name = "Value"; Value = "100"; VariantName = "[No Variations]"
Added Component: Designator=R22(0603)
Add component. Clean all parameters for all variants
Add component (AddParameter): Name = "Alternate Manufacturer"; Value = ""; VariantName = "[No Variations]"
Add component (AddParameter): Name = "Alternate PartNumber"; Value = ""; VariantName = "[No Variations]"
Add component (AddParameter): Name = "Altium Migration"; Value = ""; VariantName = "[No Variations]"
Add component (AddParameter): Name = "Area"; Value = "9100"; VariantName = "[No Variations]"
Add component (AddParameter): Name = "ComponentLink1Description"; Value = "AEO Datasheet Link"; VariantName = "[No Variations]"
Add component (AddParameter): Name = "Manufacturer"; Value = "Vishay-Dale"; VariantName = "[No Variations]"
Add component (AddParameter): Name = "PackageReference"; Value = "603"; VariantName = "[No Variations]"
Add component (AddParameter): Name = "PartNumber"; Value = "CRCW0603100RJNEAHP"; VariantName = "[No Variations]"
Add component (AddParameter): Name = "SymbolVersion"; Value = "05/06/2011 13:51:33"; VariantName = "[No Variations]"
Add component (AddParameter): Name = "Value"; Value = "100"; VariantName = "[No Variations]"
Added Component: Designator=R23(0603)
Add component. Clean all parameters for all variants
Add component (AddParameter): Name = "Alternate Manufacturer"; Value = ""; VariantName = "[No Variations]"
Add component (AddParameter): Name = "Alternate PartNumber"; Value = ""; VariantName = "[No Variations]"
Add component (AddParameter): Name = "Altium Migration"; Value = ""; VariantName = "[No Variations]"
Add component (AddParameter): Name = "Area"; Value = "9100"; VariantName = "[No Variations]"
Add component (AddParameter): Name = "ComponentLink1Description"; Value = "AEO Datasheet Link"; VariantName = "[No Variations]"
Add component (AddParameter): Name = "Manufacturer"; Value = "Vishay-Dale"; VariantName = "[No Variations]"
Add component (AddParameter): Name = "PackageReference"; Value = "603"; VariantName = "[No Variations]"
Add component (AddParameter): Name = "PartNumber"; Value = "CRCW0603100RJNEAHP"; VariantName = "[No Variations]"
Add component (AddParameter): Name = "SymbolVersion"; Value = "05/06/2011 13:51:33"; VariantName = "[No Variations]"
Add component (AddParameter): Name = "Value"; Value = "100"; VariantName = "[No Variations]"
Added Component: Designator=R24(0603)
Add component. Clean all parameters for all variants
Add component (AddParameter): Name = "Alternate Manufacturer"; Value = ""; VariantName = "[No Variations]"
Add component (AddParameter): Name = "Alternate PartNumber"; Value = ""; VariantName = "[No Variations]"
Add component (AddParameter): Name = "Altium Migration"; Value = ""; VariantName = "[No Variations]"
Add component (AddParameter): Name = "Area"; Value = "9100"; VariantName = "[No Variations]"
Add component (AddParameter): Name = "ComponentLink1Description"; Value = "AEO Datasheet Link"; VariantName = "[No Variations]"
Add component (AddParameter): Name = "Manufacturer"; Value = "Vishay-Dale"; VariantName = "[No Variations]"
Add component (AddParameter): Name = "PackageReference"; Value = "603"; VariantName = "[No Variations]"
Add component (AddParameter): Name = "PartNumber"; Value = "CRCW0603200RJNEA"; VariantName = "[No Variations]"
Add component (AddParameter): Name = "SymbolVersion"; Value = "05/06/2011 13:51:33"; VariantName = "[No Variations]"
Add component (AddParameter): Name = "Value"; Value = "200"; VariantName = "[No Variations]"
Added Component: Designator=R25(0603)
Add component. Clean all parameters for all variants
Add component (AddParameter): Name = "Alternate Manufacturer"; Value = ""; VariantName = "[No Variations]"
Add component (AddParameter): Name = "Alternate PartNumber"; Value = ""; VariantName = "[No Variations]"
Add component (AddParameter): Name = "Altium Migration"; Value = ""; VariantName = "[No Variations]"
Add component (AddParameter): Name = "Area"; Value = "9100"; VariantName = "[No Variations]"
Add component (AddParameter): Name = "ComponentLink1Description"; Value = "AEO Datasheet Link"; VariantName = "[No Variations]"
Add component (AddParameter): Name = "Manufacturer"; Value = "Vishay-Dale"; VariantName = "[No Variations]"
Add component (AddParameter): Name = "PackageReference"; Value = "603"; VariantName = "[No Variations]"
Add component (AddParameter): Name = "PartNumber"; Value = "CRCW0603100RJNEAHP"; VariantName = "[No Variations]"
Add component (AddParameter): Name = "SymbolVersion"; Value = "05/06/2011 13:51:33"; VariantName = "[No Variations]"
Add component (AddParameter): Name = "Value"; Value = "100"; VariantName = "[No Variations]"
Added Component: Designator=R26(0603)
Add component. Clean all parameters for all variants
Add component (AddParameter): Name = "Alternate Manufacturer"; Value = ""; VariantName = "[No Variations]"
Add component (AddParameter): Name = "Alternate PartNumber"; Value = ""; VariantName = "[No Variations]"
Add component (AddParameter): Name = "Altium Migration"; Value = ""; VariantName = "[No Variations]"
Add component (AddParameter): Name = "Area"; Value = "9100"; VariantName = "[No Variations]"
Add component (AddParameter): Name = "ComponentLink1Description"; Value = "AEO Datasheet Link"; VariantName = "[No Variations]"
Add component (AddParameter): Name = "Manufacturer"; Value = "Vishay-Dale"; VariantName = "[No Variations]"
Add component (AddParameter): Name = "PackageReference"; Value = "603"; VariantName = "[No Variations]"
Add component (AddParameter): Name = "PartNumber"; Value = "CRCW0603200RJNEA"; VariantName = "[No Variations]"
Add component (AddParameter): Name = "SymbolVersion"; Value = "05/06/2011 13:51:33"; VariantName = "[No Variations]"
Add component (AddParameter): Name = "Value"; Value = "200"; VariantName = "[No Variations]"
Added Component: Designator=R27(0603)
Add component. Clean all parameters for all variants
Add component (AddParameter): Name = "Alternate Manufacturer"; Value = ""; VariantName = "[No Variations]"
Add component (AddParameter): Name = "Alternate PartNumber"; Value = ""; VariantName = "[No Variations]"
Add component (AddParameter): Name = "Altium Migration"; Value = ""; VariantName = "[No Variations]"
Add component (AddParameter): Name = "Area"; Value = "9100"; VariantName = "[No Variations]"
Add component (AddParameter): Name = "ComponentLink1Description"; Value = "AEO Datasheet Link"; VariantName = "[No Variations]"
Add component (AddParameter): Name = "Manufacturer"; Value = "Vishay-Dale"; VariantName = "[No Variations]"
Add component (AddParameter): Name = "PackageReference"; Value = "603"; VariantName = "[No Variations]"
Add component (AddParameter): Name = "PartNumber"; Value = "CRCW0603100RJNEAHP"; VariantName = "[No Variations]"
Add component (AddParameter): Name = "SymbolVersion"; Value = "05/06/2011 13:51:33"; VariantName = "[No Variations]"
Add component (AddParameter): Name = "Value"; Value = "100"; VariantName = "[No Variations]"
Added Component: Designator=R28(0603)
Add component. Clean all parameters for all variants
Add component (AddParameter): Name = "Alternate Manufacturer"; Value = ""; VariantName = "[No Variations]"
Add component (AddParameter): Name = "Alternate PartNumber"; Value = ""; VariantName = "[No Variations]"
Add component (AddParameter): Name = "Altium Migration"; Value = ""; VariantName = "[No Variations]"
Add component (AddParameter): Name = "Area"; Value = "9100"; VariantName = "[No Variations]"
Add component (AddParameter): Name = "ComponentLink1Description"; Value = "AEO Datasheet Link"; VariantName = "[No Variations]"
Add component (AddParameter): Name = "Manufacturer"; Value = "Vishay-Dale"; VariantName = "[No Variations]"
Add component (AddParameter): Name = "PackageReference"; Value = "603"; VariantName = "[No Variations]"
Add component (AddParameter): Name = "PartNumber"; Value = "CRCW0603200RJNEA"; VariantName = "[No Variations]"
Add component (AddParameter): Name = "SymbolVersion"; Value = "05/06/2011 13:51:33"; VariantName = "[No Variations]"
Add component (AddParameter): Name = "Value"; Value = "200"; VariantName = "[No Variations]"
Added Component: Designator=R29(0603)
Add component. Clean all parameters for all variants
Add component (AddParameter): Name = "Alternate Manufacturer"; Value = ""; VariantName = "[No Variations]"
Add component (AddParameter): Name = "Alternate PartNumber"; Value = ""; VariantName = "[No Variations]"
Add component (AddParameter): Name = "Altium Migration"; Value = ""; VariantName = "[No Variations]"
Add component (AddParameter): Name = "Area"; Value = "9100"; VariantName = "[No Variations]"
Add component (AddParameter): Name = "ComponentLink1Description"; Value = "AEO Datasheet Link"; VariantName = "[No Variations]"
Add component (AddParameter): Name = "Manufacturer"; Value = "Vishay-Dale"; VariantName = "[No Variations]"
Add component (AddParameter): Name = "PackageReference"; Value = "603"; VariantName = "[No Variations]"
Add component (AddParameter): Name = "PartNumber"; Value = "CRCW06031K00JNEA"; VariantName = "[No Variations]"
Add component (AddParameter): Name = "SymbolVersion"; Value = "05/06/2011 13:51:33"; VariantName = "[No Variations]"
Add component (AddParameter): Name = "Value"; Value = "1K"; VariantName = "[No Variations]"
Added Component: Designator=R30(0603)
Add component. Clean all parameters for all variants
Add component (AddParameter): Name = "Alternate Manufacturer"; Value = ""; VariantName = "[No Variations]"
Add component (AddParameter): Name = "Alternate PartNumber"; Value = ""; VariantName = "[No Variations]"
Add component (AddParameter): Name = "Altium Migration"; Value = ""; VariantName = "[No Variations]"
Add component (AddParameter): Name = "Area"; Value = "9100"; VariantName = "[No Variations]"
Add component (AddParameter): Name = "ComponentLink1Description"; Value = "AEO Datasheet Link"; VariantName = "[No Variations]"
Add component (AddParameter): Name = "Manufacturer"; Value = "Vishay-Dale"; VariantName = "[No Variations]"
Add component (AddParameter): Name = "PackageReference"; Value = "603"; VariantName = "[No Variations]"
Add component (AddParameter): Name = "PartNumber"; Value = "CRCW0603100RJNEAHP"; VariantName = "[No Variations]"
Add component (AddParameter): Name = "SymbolVersion"; Value = "05/06/2011 13:51:33"; VariantName = "[No Variations]"
Add component (AddParameter): Name = "Value"; Value = "100"; VariantName = "[No Variations]"
Added Component: Designator=R31(0603)
Add component. Clean all parameters for all variants
Add component (AddParameter): Name = "Alternate Manufacturer"; Value = ""; VariantName = "[No Variations]"
Add component (AddParameter): Name = "Alternate PartNumber"; Value = ""; VariantName = "[No Variations]"
Add component (AddParameter): Name = "Altium Migration"; Value = ""; VariantName = "[No Variations]"
Add component (AddParameter): Name = "Area"; Value = "9100"; VariantName = "[No Variations]"
Add component (AddParameter): Name = "ComponentLink1Description"; Value = "AEO Datasheet Link"; VariantName = "[No Variations]"
Add component (AddParameter): Name = "Manufacturer"; Value = "Vishay-Dale"; VariantName = "[No Variations]"
Add component (AddParameter): Name = "PackageReference"; Value = "603"; VariantName = "[No Variations]"
Add component (AddParameter): Name = "PartNumber"; Value = "CRCW0603100RJNEAHP"; VariantName = "[No Variations]"
Add component (AddParameter): Name = "SymbolVersion"; Value = "05/06/2011 13:51:33"; VariantName = "[No Variations]"
Add component (AddParameter): Name = "Value"; Value = "100"; VariantName = "[No Variations]"
Added Component: Designator=R32(0603)
Add component. Clean all parameters for all variants
Add component (AddParameter): Name = "Alternate Manufacturer"; Value = ""; VariantName = "[No Variations]"
Add component (AddParameter): Name = "Alternate PartNumber"; Value = ""; VariantName = "[No Variations]"
Add component (AddParameter): Name = "Altium Migration"; Value = ""; VariantName = "[No Variations]"
Add component (AddParameter): Name = "Area"; Value = "9100"; VariantName = "[No Variations]"
Add component (AddParameter): Name = "ComponentLink1Description"; Value = "AEO Datasheet Link"; VariantName = "[No Variations]"
Add component (AddParameter): Name = "Manufacturer"; Value = "Vishay-Dale"; VariantName = "[No Variations]"
Add component (AddParameter): Name = "PackageReference"; Value = "603"; VariantName = "[No Variations]"
Add component (AddParameter): Name = "PartNumber"; Value = "CRCW060310K0JNEA"; VariantName = "[No Variations]"
Add component (AddParameter): Name = "SymbolVersion"; Value = "05/06/2011 13:51:33"; VariantName = "[No Variations]"
Add component (AddParameter): Name = "Value"; Value = "10K"; VariantName = "[No Variations]"
Added Pin To Net: NetName=NetC1_1 Pin=C1-1
Added Pin To Net: NetName=4P Pin=C1-2
Added Pin To Net: NetName=PACK+ Pin=C2-1
Added Pin To Net: NetName=NetC1_1 Pin=C2-2
Added Pin To Net: NetName=AGND Pin=C3-1
Added Pin To Net: NetName=NetC3_2 Pin=C3-2
Added Pin To Net: NetName=NetC8_1 Pin=C8-1
Added Pin To Net: NetName=PACK+ Pin=C8-2
Added Pin To Net: NetName=CHGND Pin=C10-1
Added Pin To Net: NetName=NetC8_1 Pin=C10-2
Added Pin To Net: NetName=BAT Pin=C12-1
Added Pin To Net: NetName=NetC12_2 Pin=C12-2
Added Pin To Net: NetName=NetC14_1 Pin=C14-1
Added Pin To Net: NetName=NetC14_2 Pin=C14-2
Added Pin To Net: NetName=NetC15_1 Pin=C15-1
Added Pin To Net: NetName=NetC14_1 Pin=C15-2
Added Pin To Net: NetName=NetC16_1 Pin=C16-1
Added Pin To Net: NetName=NetC15_1 Pin=C16-2
Added Pin To Net: NetName=GND Pin=C17-1
Added Pin To Net: NetName=NetC16_1 Pin=C17-2
Added Pin To Net: NetName=NetC18_1 Pin=C18-1
Added Pin To Net: NetName=NetC18_2 Pin=C18-2
Added Pin To Net: NetName=GND Pin=C19-1
Added Pin To Net: NetName=NetC18_2 Pin=C19-2
Added Pin To Net: NetName=GND Pin=C20-1
Added Pin To Net: NetName=NetC18_1 Pin=C20-2
Added Pin To Net: NetName=GND Pin=C21-1
Added Pin To Net: NetName=NetC21_2 Pin=C21-2
Added Pin To Net: NetName=NetQ2_4 Pin=R2-1
Added Pin To Net: NetName=4P Pin=R2-2
Added Pin To Net: NetName=NetQ3_4 Pin=R3-1
Added Pin To Net: NetName=PACK+ Pin=R3-2
Added Pin To Net: NetName=CHGND Pin=R4-1
Added Pin To Net: NetName=NetQ4_1 Pin=R4-2
Added Pin To Net: NetName=NetQ1_1 Pin=R5-1
Added Pin To Net: NetName=NetQ1_2 Pin=R5-2
Added Pin To Net: NetName=AGND Pin=R6-1
Added Pin To Net: NetName=NetC3_2 Pin=R6-2
Added Pin To Net: NetName=NetR7_1 Pin=R7-1
Added Pin To Net: NetName=NetQ2_4 Pin=R7-2
Added Pin To Net: NetName=NetR8_1 Pin=R8-1
Added Pin To Net: NetName=NetQ1_1 Pin=R8-2
Added Pin To Net: NetName=NetR9_1 Pin=R9-1
Added Pin To Net: NetName=NetQ1_2 Pin=R9-2
Added Pin To Net: NetName=NetR10_1 Pin=R10-1
Added Pin To Net: NetName=NetQ3_4 Pin=R10-2
Added Pin To Net: NetName=NetR12_1 Pin=R12-1
Added Pin To Net: NetName=PACK+ Pin=R12-2
Added Pin To Net: NetName=NetC3_2 Pin=R17-1
Added Pin To Net: NetName=NetR17_2 Pin=R17-2
Added Pin To Net: NetName=4P Pin=R20-1
Added Pin To Net: NetName=NetC14_2 Pin=R20-2
Added Pin To Net: NetName=NetJ5_2 Pin=R21-1
Added Pin To Net: NetName=NetC14_1 Pin=R21-2
Added Pin To Net: NetName=NetJ5_3 Pin=R22-1
Added Pin To Net: NetName=NetC15_1 Pin=R22-2
Added Pin To Net: NetName=NetJ1_1 Pin=R23-1
Added Pin To Net: NetName=NetC16_1 Pin=R23-2
Added Pin To Net: NetName=NetR24_1 Pin=R24-1
Added Pin To Net: NetName=NetD2_1 Pin=R24-2
Added Pin To Net: NetName=NetD2_1 Pin=R25-1
Added Pin To Net: NetName=SMBC Pin=R25-2
Added Pin To Net: NetName=NetR26_1 Pin=R26-1
Added Pin To Net: NetName=NetD3_1 Pin=R26-2
Added Pin To Net: NetName=NetD3_1 Pin=R27-1
Added Pin To Net: NetName=SMBD Pin=R27-2
Added Pin To Net: NetName=NetC21_2 Pin=R28-1
Added Pin To Net: NetName=NetD4_1 Pin=R28-2
Added Pin To Net: NetName=NetD4_1 Pin=R29-1
Added Pin To Net: NetName=NetJ3_1 Pin=R29-2
Added Pin To Net: NetName=AGND Pin=R30-1
Added Pin To Net: NetName=NetC18_2 Pin=R30-2
Added Pin To Net: NetName=CHGND Pin=R31-1
Added Pin To Net: NetName=NetC18_1 Pin=R31-2
Added Pin To Net: NetName=NetR32_1 Pin=R32-1
Added Pin To Net: NetName=4P Pin=R32-2
Added Member To Class: ClassName=dji_3s_battery Member=Component C1 C0603C104M5RACTU
Added Member To Class: ClassName=dji_3s_battery Member=Component C2 C0603C104M5RACTU
Added Member To Class: ClassName=dji_3s_battery Member=Component C3 C0603C104M5RACTU
Added Member To Class: ClassName=dji_3s_battery Member=Component C8 C0603C104M5RACTU
Added Member To Class: ClassName=dji_3s_battery Member=Component C10 C0603C104M5RACTU
Added Member To Class: ClassName=dji_3s_battery Member=Component C12 C0603C104M5RACTU
Added Member To Class: ClassName=dji_3s_battery Member=Component C14 C0603C104M5RACTU
Added Member To Class: ClassName=dji_3s_battery Member=Component C15 C0603C104M5RACTU
Added Member To Class: ClassName=dji_3s_battery Member=Component C16 C0603C104M5RACTU
Added Member To Class: ClassName=dji_3s_battery Member=Component C17 C0603C104M5RACTU
Added Member To Class: ClassName=dji_3s_battery Member=Component C18 C0603C104M5RACTU
Added Member To Class: ClassName=dji_3s_battery Member=Component C19 C0603C104M5RACTU
Added Member To Class: ClassName=dji_3s_battery Member=Component C20 C0603C104M5RACTU
Added Member To Class: ClassName=dji_3s_battery Member=Component C21 C0603C104M5RACTU
Added Member To Class: ClassName=dji_3s_battery Member=Component R2 CRCW060310M0JNEA
Added Member To Class: ClassName=dji_3s_battery Member=Component R3 CRCW060310M0JNEA
Added Member To Class: ClassName=dji_3s_battery Member=Component R4 CRCW060310K0JNEA
Added Member To Class: ClassName=dji_3s_battery Member=Component R5 CRCW060310M0JNEA
Added Member To Class: ClassName=dji_3s_battery Member=Component R6 CRCW060351K0JNEA
Added Member To Class: ClassName=dji_3s_battery Member=Component R7 CRCW06035K10JNEA
Added Member To Class: ClassName=dji_3s_battery Member=Component R8 CRCW06035K10JNEA
Added Member To Class: ClassName=dji_3s_battery Member=Component R9 CRCW0603100RJNEAHP
Added Member To Class: ClassName=dji_3s_battery Member=Component R10 CRCW06035K10JNEA
Added Member To Class: ClassName=dji_3s_battery Member=Component R12 CRCW060310K0JNEA
Added Member To Class: ClassName=dji_3s_battery Member=Component R17 CRCW06035K10JNEA
Added Member To Class: ClassName=dji_3s_battery Member=Component R20 CRCW0603100RJNEAHP
Added Member To Class: ClassName=dji_3s_battery Member=Component R21 CRCW0603100RJNEAHP
Added Member To Class: ClassName=dji_3s_battery Member=Component R22 CRCW0603100RJNEAHP
Added Member To Class: ClassName=dji_3s_battery Member=Component R23 CRCW0603100RJNEAHP
Added Member To Class: ClassName=dji_3s_battery Member=Component R24 CRCW0603200RJNEA
Added Member To Class: ClassName=dji_3s_battery Member=Component R25 CRCW0603100RJNEAHP
Added Member To Class: ClassName=dji_3s_battery Member=Component R26 CRCW0603200RJNEA
Added Member To Class: ClassName=dji_3s_battery Member=Component R27 CRCW0603100RJNEAHP
Added Member To Class: ClassName=dji_3s_battery Member=Component R28 CRCW0603200RJNEA
Added Member To Class: ClassName=dji_3s_battery Member=Component R29 CRCW06031K00JNEA
Added Member To Class: ClassName=dji_3s_battery Member=Component R30 CRCW0603100RJNEAHP
Added Member To Class: ClassName=dji_3s_battery Member=Component R31 CRCW0603100RJNEAHP
Added Member To Class: ClassName=dji_3s_battery Member=Component R32 CRCW060310K0JNEA
Added Room: Name=dji_3s_battery
