Removed Member From Class: ClassName=dji_3s_battery Member=R33
Added Component: Designator=F1(FUSE-SFD)
Add component. Clean all parameters for all variants
Add component (AddParameter): Name = "Alternate Manufacturer"; Value = ""; VariantName = "[No Variations]"
Add component (AddParameter): Name = "Alternate PartNumber"; Value = ""; VariantName = "[No Variations]"
Add component (AddParameter): Name = "Altium Migration"; Value = ""; VariantName = "[No Variations]"
Add component (AddParameter): Name = "Area"; Value = "30150"; VariantName = "[No Variations]"
Add component (AddParameter): Name = "ComponentHeight"; Value = "0.049 inch"; VariantName = "[No Variations]"
Add component (AddParameter): Name = "ComponentLink1Description"; Value = "AEO Datasheet Link"; VariantName = "[No Variations]"
Add component (AddParameter): Name = "Manufacturer"; Value = "Sony"; VariantName = "[No Variations]"
Add component (AddParameter): Name = "PackageReference"; Value = "SFDxxx"; VariantName = "[No Variations]"
Add component (AddParameter): Name = "PartNumber"; Value = "SFDxxxx"; VariantName = "[No Variations]"
Add component (AddParameter): Name = "SymbolVersion"; Value = "07/31/2009 12:17:29"; VariantName = "[No Variations]"
Add component (AddParameter): Name = "Value"; Value = "{Value}"; VariantName = "[No Variations]"
Added Component: Designator=NT1(Net-Tie_10mil)
Add component. Clean all parameters for all variants
Add component (AddParameter): Name = "LatestRevisionDate"; Value = "2013-06-05"; VariantName = "[No Variations]"
Add component (AddParameter): Name = "LatestRevisionNote"; Value = "Added Alternate PartNumber and Alternate Manufacturer parameters to appropriate components."; VariantName = "[No Variations]"
Add component (AddParameter): Name = "MountType"; Value = "SMT"; VariantName = "[No Variations]"
Add component (AddParameter): Name = "Publisher"; Value = "Texas Instruments"; VariantName = "[No Variations]"
Add component (AddParameter): Name = "SymbolCreator"; Value = "codlsc"; VariantName = "[No Variations]"
Add component (AddParameter): Name = "SymbolVersion"; Value = "2009-07-01"; VariantName = "[No Variations]"
Added Component: Designator=Q1(SOT-23)
Add component. Clean all parameters for all variants
Add component (AddParameter): Name = "Alternate Manufacturer"; Value = ""; VariantName = "[No Variations]"
Add component (AddParameter): Name = "Alternate PartNumber"; Value = ""; VariantName = "[No Variations]"
Add component (AddParameter): Name = "Altium Migration"; Value = ""; VariantName = "[No Variations]"
Add component (AddParameter): Name = "Area"; Value = "14105"; VariantName = "[No Variations]"
Add component (AddParameter): Name = "ComponentHeight"; Value = "0.043 inch"; VariantName = "[No Variations]"
Add component (AddParameter): Name = "ComponentLink1Description"; Value = "AEO Datasheet Link"; VariantName = "[No Variations]"
Add component (AddParameter): Name = "ComponentLink1URL"; Value = "\\vette02\pmp_pcb\pcad_pdf's\FDN358P.pdf"; VariantName = "[No Variations]"
Add component (AddParameter): Name = "Manufacturer"; Value = "Fairchild"; VariantName = "[No Variations]"
Add component (AddParameter): Name = "PackageReference"; Value = "SOT23"; VariantName = "[No Variations]"
Add component (AddParameter): Name = "PartNumber"; Value = "FDN358P"; VariantName = "[No Variations]"
Add component (AddParameter): Name = "SymbolVersion"; Value = "07/17/2008 10:28:34"; VariantName = "[No Variations]"
Add component (AddParameter): Name = "Value"; Value = "FDN358P"; VariantName = "[No Variations]"
Added Component: Designator=Q2(PP-1212-8_SNGL)
Add component. Clean all parameters for all variants
Add component (AddParameter): Name = "Alternate Manufacturer"; Value = ""; VariantName = "[No Variations]"
Add component (AddParameter): Name = "Alternate PartNumber"; Value = ""; VariantName = "[No Variations]"
Add component (AddParameter): Name = "Altium Migration"; Value = ""; VariantName = "[No Variations]"
Add component (AddParameter): Name = "Area"; Value = "27200"; VariantName = "[No Variations]"
Add component (AddParameter): Name = "ComponentHeight"; Value = "0.044 inch"; VariantName = "[No Variations]"
Add component (AddParameter): Name = "ComponentLink1Description"; Value = "AEO Datasheet Link"; VariantName = "[No Variations]"
Add component (AddParameter): Name = "ComponentLink1URL"; Value = "\\vette02\pmp_pcb\pcad_pdf's\si7116dn.pdf"; VariantName = "[No Variations]"
Add component (AddParameter): Name = "Manufacturer"; Value = "Vishay"; VariantName = "[No Variations]"
Add component (AddParameter): Name = "PackageReference"; Value = "PWRPAK 1212"; VariantName = "[No Variations]"
Add component (AddParameter): Name = "PartNumber"; Value = "Si7114DN-T1-E3"; VariantName = "[No Variations]"
Add component (AddParameter): Name = "SymbolVersion"; Value = "11/17/2008 14:42:50"; VariantName = "[No Variations]"
Add component (AddParameter): Name = "Value"; Value = "Si7114DN"; VariantName = "[No Variations]"
Added Component: Designator=Q3(PP-1212-8_SNGL)
Add component. Clean all parameters for all variants
Add component (AddParameter): Name = "Alternate Manufacturer"; Value = ""; VariantName = "[No Variations]"
Add component (AddParameter): Name = "Alternate PartNumber"; Value = ""; VariantName = "[No Variations]"
Add component (AddParameter): Name = "Altium Migration"; Value = ""; VariantName = "[No Variations]"
Add component (AddParameter): Name = "Area"; Value = "27200"; VariantName = "[No Variations]"
Add component (AddParameter): Name = "ComponentHeight"; Value = "0.044 inch"; VariantName = "[No Variations]"
Add component (AddParameter): Name = "ComponentLink1Description"; Value = "AEO Datasheet Link"; VariantName = "[No Variations]"
Add component (AddParameter): Name = "ComponentLink1URL"; Value = "\\vette02\pmp_pcb\pcad_pdf's\si7116dn.pdf"; VariantName = "[No Variations]"
Add component (AddParameter): Name = "Manufacturer"; Value = "Vishay"; VariantName = "[No Variations]"
Add component (AddParameter): Name = "PackageReference"; Value = "PWRPAK 1212"; VariantName = "[No Variations]"
Add component (AddParameter): Name = "PartNumber"; Value = "Si7114DN-T1-E3"; VariantName = "[No Variations]"
Add component (AddParameter): Name = "SymbolVersion"; Value = "11/17/2008 14:42:50"; VariantName = "[No Variations]"
Add component (AddParameter): Name = "Value"; Value = "Si7114DN"; VariantName = "[No Variations]"
Added Component: Designator=Q4(SOT-23)
Add component. Clean all parameters for all variants
Add component (AddParameter): Name = "Alternate Manufacturer"; Value = ""; VariantName = "[No Variations]"
Add component (AddParameter): Name = "Alternate PartNumber"; Value = ""; VariantName = "[No Variations]"
Add component (AddParameter): Name = "Altium Migration"; Value = ""; VariantName = "[No Variations]"
Add component (AddParameter): Name = "Area"; Value = "14105"; VariantName = "[No Variations]"
Add component (AddParameter): Name = "ComponentHeight"; Value = "0.043 inch"; VariantName = "[No Variations]"
Add component (AddParameter): Name = "ComponentLink1Description"; Value = "AEO Datasheet Link"; VariantName = "[No Variations]"
Add component (AddParameter): Name = "ComponentLink1URL"; Value = "\\vette02\pmp_pcb\pcad_pdf's\Vishay_2n7002k.pdf"; VariantName = "[No Variations]"
Add component (AddParameter): Name = "Manufacturer"; Value = "Vishay"; VariantName = "[No Variations]"
Add component (AddParameter): Name = "PackageReference"; Value = "SOT23"; VariantName = "[No Variations]"
Add component (AddParameter): Name = "PartNumber"; Value = "2N7002K-T1-E3"; VariantName = "[No Variations]"
Add component (AddParameter): Name = "SymbolVersion"; Value = "02/25/2009 12:40:21"; VariantName = "[No Variations]"
Add component (AddParameter): Name = "Value"; Value = "2N7002K"; VariantName = "[No Variations]"
Added Component: Designator=RT1(1206-T)
Add component. Clean all parameters for all variants
Add component (AddParameter): Name = "Alternate Manufacturer"; Value = "Vishay"; VariantName = "[No Variations]"
Add component (AddParameter): Name = "Alternate PartNumber"; Value = "TFPT1206L1002JV"; VariantName = "[No Variations]"
Add component (AddParameter): Name = "Altium Migration"; Value = ""; VariantName = "[No Variations]"
Add component (AddParameter): Name = "Area"; Value = "21,980"; VariantName = "[No Variations]"
Add component (AddParameter): Name = "ComponentHeight"; Value = "0.080 inch"; VariantName = "[No Variations]"
Add component (AddParameter): Name = "ComponentLink1Description"; Value = "AEO Datasheet Link"; VariantName = "[No Variations]"
Add component (AddParameter): Name = "Manufacturer"; Value = "Vishay"; VariantName = "[No Variations]"
Add component (AddParameter): Name = "PackageReference"; Value = "1206"; VariantName = "[No Variations]"
Add component (AddParameter): Name = "PartNumber"; Value = "CRCW120610K0JNEA"; VariantName = "[No Variations]"
Add component (AddParameter): Name = "SymbolVersion"; Value = "07/31/2009 12:17:31"; VariantName = "[No Variations]"
Add component (AddParameter): Name = "Value"; Value = "10K"; VariantName = "[No Variations]"
Added Pin To Net: NetName=4P Pin=F1-1
Added Pin To Net: NetName=4P Pin=F1-2
Added Pin To Net: NetName=NetF1_3 Pin=F1-3
Added Pin To Net: NetName=GND Pin=NT1-1
Added Pin To Net: NetName=AGND Pin=NT1-2
Added Pin To Net: NetName=NetQ1_1 Pin=Q1-1
Added Pin To Net: NetName=NetQ1_2 Pin=Q1-2
Added Pin To Net: NetName=NetQ1_3 Pin=Q1-3
Added Pin To Net: NetName=4P Pin=Q2-1
Added Pin To Net: NetName=4P Pin=Q2-2
Added Pin To Net: NetName=4P Pin=Q2-3
Added Pin To Net: NetName=NetQ2_4 Pin=Q2-4
Added Pin To Net: NetName=NetQ1_2 Pin=Q2-5
Added Pin To Net: NetName=PACK+ Pin=Q3-1
Added Pin To Net: NetName=PACK+ Pin=Q3-2
Added Pin To Net: NetName=PACK+ Pin=Q3-3
Added Pin To Net: NetName=NetQ3_4 Pin=Q3-4
Added Pin To Net: NetName=NetQ1_2 Pin=Q3-5
Added Pin To Net: NetName=NetQ4_1 Pin=Q4-1
Added Pin To Net: NetName=PACK+ Pin=Q4-2
Added Pin To Net: NetName=NetQ3_4 Pin=Q4-3
Added Pin To Net: NetName=NetC12_2 Pin=RT1-1
Added Pin To Net: NetName=BAT Pin=RT1-2
Change Net Name : Old Net Name=NetJ6_1 New Net Name=NetS2_A
Added Member To Class: ClassName=dji_3s_battery Member=Component F1 SFDxxxx
Added Member To Class: ClassName=dji_3s_battery Member=Component NT1 Net-Tie
Added Member To Class: ClassName=dji_3s_battery Member=Component Q1 TR-FDN358P
Added Member To Class: ClassName=dji_3s_battery Member=Component Q2 TR-SI7116DN
Added Member To Class: ClassName=dji_3s_battery Member=Component Q3 TR-SI7116DN
Added Member To Class: ClassName=dji_3s_battery Member=Component Q4 TR-2N7002K
Added Member To Class: ClassName=dji_3s_battery Member=Component RT1 CRCW120610K0JNEA
