Change component parameters. Clean all parameters for all variants
Change component parameters (AddParameter): Name = "Alternate Manufacturer"; Value = ""; VariantName = "[No Variations]"
Change component parameters (AddParameter): Name = "Alternate PartNumber"; Value = ""; VariantName = "[No Variations]"
Change component parameters (AddParameter): Name = "Altium Migration"; Value = ""; VariantName = "[No Variations]"
Change component parameters (AddParameter): Name = "area"; Value = "*"; VariantName = "[No Variations]"
Change component parameters (AddParameter): Name = "ComponentHeight"; Value = "None"; VariantName = "[No Variations]"
Change component parameters (AddParameter): Name = "ComponentLink1Description"; Value = "AEO Datasheet Link"; VariantName = "[No Variations]"
Change component parameters (AddParameter): Name = "Manufacturer"; Value = "None"; VariantName = "[No Variations]"
Change component parameters (AddParameter): Name = "PackageReference"; Value = "None"; VariantName = "[No Variations]"
Change component parameters (AddParameter): Name = "PartNumber"; Value = "None"; VariantName = "[No Variations]"
Change component parameters (AddParameter): Name = "SymbolVersion"; Value = "11/01/2006 14:05:31"; VariantName = "[No Variations]"
Change component parameters (AddParameter): Name = "Value"; Value = "None"; VariantName = "[No Variations]"
Change component parameters. Clean all parameters for all variants
Change component parameters (AddParameter): Name = "Alternate Manufacturer"; Value = ""; VariantName = "[No Variations]"
Change component parameters (AddParameter): Name = "Alternate PartNumber"; Value = ""; VariantName = "[No Variations]"
Change component parameters (AddParameter): Name = "Altium Migration"; Value = ""; VariantName = "[No Variations]"
Change component parameters (AddParameter): Name = "area"; Value = "*"; VariantName = "[No Variations]"
Change component parameters (AddParameter): Name = "ComponentHeight"; Value = "None"; VariantName = "[No Variations]"
Change component parameters (AddParameter): Name = "ComponentLink1Description"; Value = "AEO Datasheet Link"; VariantName = "[No Variations]"
Change component parameters (AddParameter): Name = "Manufacturer"; Value = "None"; VariantName = "[No Variations]"
Change component parameters (AddParameter): Name = "PackageReference"; Value = "None"; VariantName = "[No Variations]"
Change component parameters (AddParameter): Name = "PartNumber"; Value = "None"; VariantName = "[No Variations]"
Change component parameters (AddParameter): Name = "SymbolVersion"; Value = "11/01/2006 14:05:31"; VariantName = "[No Variations]"
Change component parameters (AddParameter): Name = "Value"; Value = "None"; VariantName = "[No Variations]"
Change component parameters. Clean all parameters for all variants
Change component parameters (AddParameter): Name = "Alternate Manufacturer"; Value = ""; VariantName = "[No Variations]"
Change component parameters (AddParameter): Name = "Alternate PartNumber"; Value = ""; VariantName = "[No Variations]"
Change component parameters (AddParameter): Name = "Altium Migration"; Value = ""; VariantName = "[No Variations]"
Change component parameters (AddParameter): Name = "area"; Value = "*"; VariantName = "[No Variations]"
Change component parameters (AddParameter): Name = "ComponentHeight"; Value = "None"; VariantName = "[No Variations]"
Change component parameters (AddParameter): Name = "ComponentLink1Description"; Value = "AEO Datasheet Link"; VariantName = "[No Variations]"
Change component parameters (AddParameter): Name = "Manufacturer"; Value = "None"; VariantName = "[No Variations]"
Change component parameters (AddParameter): Name = "PackageReference"; Value = "None"; VariantName = "[No Variations]"
Change component parameters (AddParameter): Name = "PartNumber"; Value = "None"; VariantName = "[No Variations]"
Change component parameters (AddParameter): Name = "SymbolVersion"; Value = "11/01/2006 14:05:31"; VariantName = "[No Variations]"
Change component parameters (AddParameter): Name = "Value"; Value = "None"; VariantName = "[No Variations]"
Change component parameters. Clean all parameters for all variants
Change component parameters (AddParameter): Name = "Alternate Manufacturer"; Value = ""; VariantName = "[No Variations]"
Change component parameters (AddParameter): Name = "Alternate PartNumber"; Value = ""; VariantName = "[No Variations]"
Change component parameters (AddParameter): Name = "Altium Migration"; Value = ""; VariantName = "[No Variations]"
Change component parameters (AddParameter): Name = "area"; Value = "*"; VariantName = "[No Variations]"
Change component parameters (AddParameter): Name = "ComponentHeight"; Value = "None"; VariantName = "[No Variations]"
Change component parameters (AddParameter): Name = "ComponentLink1Description"; Value = "AEO Datasheet Link"; VariantName = "[No Variations]"
Change component parameters (AddParameter): Name = "Manufacturer"; Value = "None"; VariantName = "[No Variations]"
Change component parameters (AddParameter): Name = "PackageReference"; Value = "None"; VariantName = "[No Variations]"
Change component parameters (AddParameter): Name = "PartNumber"; Value = "None"; VariantName = "[No Variations]"
Change component parameters (AddParameter): Name = "SymbolVersion"; Value = "11/01/2006 14:05:31"; VariantName = "[No Variations]"
Change component parameters (AddParameter): Name = "Value"; Value = "None"; VariantName = "[No Variations]"
Change component parameters. Clean all parameters for all variants
Change component parameters (AddParameter): Name = "Alternate Manufacturer"; Value = ""; VariantName = "[No Variations]"
Change component parameters (AddParameter): Name = "Alternate PartNumber"; Value = ""; VariantName = "[No Variations]"
Change component parameters (AddParameter): Name = "Altium Migration"; Value = ""; VariantName = "[No Variations]"
Change component parameters (AddParameter): Name = "area"; Value = "*"; VariantName = "[No Variations]"
Change component parameters (AddParameter): Name = "ComponentHeight"; Value = "None"; VariantName = "[No Variations]"
Change component parameters (AddParameter): Name = "ComponentLink1Description"; Value = "AEO Datasheet Link"; VariantName = "[No Variations]"
Change component parameters (AddParameter): Name = "Manufacturer"; Value = "None"; VariantName = "[No Variations]"
Change component parameters (AddParameter): Name = "PackageReference"; Value = "None"; VariantName = "[No Variations]"
Change component parameters (AddParameter): Name = "PartNumber"; Value = "None"; VariantName = "[No Variations]"
Change component parameters (AddParameter): Name = "SymbolVersion"; Value = "07/13/2010 09:50:06"; VariantName = "[No Variations]"
Change component parameters (AddParameter): Name = "Value"; Value = "None"; VariantName = "[No Variations]"
Change component parameters. Clean all parameters for all variants
Change component parameters (AddParameter): Name = "Alternate Manufacturer"; Value = ""; VariantName = "[No Variations]"
Change component parameters (AddParameter): Name = "Alternate PartNumber"; Value = ""; VariantName = "[No Variations]"
Change component parameters (AddParameter): Name = "Altium Migration"; Value = ""; VariantName = "[No Variations]"
Change component parameters (AddParameter): Name = "area"; Value = "*"; VariantName = "[No Variations]"
Change component parameters (AddParameter): Name = "ComponentHeight"; Value = "None"; VariantName = "[No Variations]"
Change component parameters (AddParameter): Name = "ComponentLink1Description"; Value = "AEO Datasheet Link"; VariantName = "[No Variations]"
Change component parameters (AddParameter): Name = "Manufacturer"; Value = "None"; VariantName = "[No Variations]"
Change component parameters (AddParameter): Name = "PackageReference"; Value = "None"; VariantName = "[No Variations]"
Change component parameters (AddParameter): Name = "PartNumber"; Value = "None"; VariantName = "[No Variations]"
Change component parameters (AddParameter): Name = "SymbolVersion"; Value = "11/01/2006 14:05:31"; VariantName = "[No Variations]"
Change component parameters (AddParameter): Name = "Value"; Value = "None"; VariantName = "[No Variations]"
Added Component: Designator=TP?(TP_VIA_060RND040)
Add component. Clean all parameters for all variants
Add component (AddParameter): Name = "CompType"; Value = "Testpoint"; VariantName = "[No Variations]"
Add component (AddParameter): Name = "LatestRevisionDate"; Value = "2014-12-30"; VariantName = "[No Variations]"
Add component (AddParameter): Name = "LatestRevisionNote"; Value = "Added Alternate PartNumber and Alternate Manufacturer parameters to appropriate components."; VariantName = "[No Variations]"
Add component (AddParameter): Name = "PackageReference"; Value = "N/A"; VariantName = "[No Variations]"
Add component (AddParameter): Name = "Publisher"; Value = "Texas Instruments"; VariantName = "[No Variations]"
Add component (AddParameter): Name = "SymbolVersion"; Value = "2010-10-20"; VariantName = "[No Variations]"
Added Pin To Net: NetName=CMPOUT Pin=R44-1
Added Pin To Net: NetName=CMPOUT Pin=TP?-1
Added Pin To Net: NetName=CMPOUT Pin=U2-15
Added Net: Name=CMPOUT
Added Member To Class: ClassName=Chargering Member=Component TP? TESTPOINT
Added Room: Name=Battery Gauge
Added Room: Name=Chargering
Added Room: Name=Control
