Removed Pin From Net: NetName=GND Pin=C2-1
Removed Pin From Net: NetName=GND Pin=C8-2
Removed Pin From Net: NetName=GND Pin=D4-2
Removed Pin From Net: NetName=GND Pin=J2-1
Removed Pin From Net: NetName=GND Pin=J2-4
Removed Pin From Net: NetName=GND Pin=J2-5
Removed Pin From Net: NetName=GND Pin=J2-6
Removed Pin From Net: NetName=GND Pin=J2-7
Removed Pin From Net: NetName=GND Pin=J2-10
Removed Pin From Net: NetName=GND Pin=Q6-1
Removed Pin From Net: NetName=GND Pin=Q6-2
Removed Pin From Net: NetName=GND Pin=Q6-3
Removed Pin From Net: NetName=GND Pin=Q9-2
Removed Pin From Net: NetName=GND Pin=R3-2
Removed Pin From Net: NetName=GND Pin=R12-2
Removed Pin From Net: NetName=GND Pin=R25-2
Removed Pin From Net: NetName=GND Pin=R27-2
Removed Pin From Net: NetName=GND Pin=R28-2
Removed Pin From Net: NetName=GND Pin=TP9-1
Removed Pin From Net: NetName=GND Pin=TP10-1
Removed Pin From Net: NetName=GND Pin=U1-23
Removed Pin From Net: NetName=GND Pin=U1-24
Added Component: Designator=C12(C603)
Add component. Clean all parameters for all variants
Add component (AddParameter): Name = "Alternate Manufacturer"; Value = ""; VariantName = "[No Variations]"
Add component (AddParameter): Name = "Alternate PartNumber"; Value = ""; VariantName = "[No Variations]"
Add component (AddParameter): Name = "Altium Migration"; Value = ""; VariantName = "[No Variations]"
Add component (AddParameter): Name = "Area"; Value = "5650"; VariantName = "[No Variations]"
Add component (AddParameter): Name = "ComponentHeight"; Value = "0.035 inch"; VariantName = "[No Variations]"
Add component (AddParameter): Name = "ComponentLink1Description"; Value = "AEO Datasheet Link"; VariantName = "[No Variations]"
Add component (AddParameter): Name = "Manufacturer"; Value = "Kemet"; VariantName = "[No Variations]"
Add component (AddParameter): Name = "PackageReference"; Value = "603"; VariantName = "[No Variations]"
Add component (AddParameter): Name = "PartNumber"; Value = "C0603C104M5RACTU"; VariantName = "[No Variations]"
Add component (AddParameter): Name = "SymbolVersion"; Value = "07/31/2009 12:17:27"; VariantName = "[No Variations]"
Add component (AddParameter): Name = "Value"; Value = "0.1uF"; VariantName = "[No Variations]"
Added Component: Designator=RT1(1206-T)
Add component. Clean all parameters for all variants
Add component (AddParameter): Name = "Alternate Manufacturer"; Value = "Vishay"; VariantName = "[No Variations]"
Add component (AddParameter): Name = "Alternate PartNumber"; Value = "TFPT1206L1002JV"; VariantName = "[No Variations]"
Add component (AddParameter): Name = "Altium Migration"; Value = ""; VariantName = "[No Variations]"
Add component (AddParameter): Name = "Area"; Value = "21,980"; VariantName = "[No Variations]"
Add component (AddParameter): Name = "ComponentHeight"; Value = "0.080 inch"; VariantName = "[No Variations]"
Add component (AddParameter): Name = "ComponentLink1Description"; Value = "AEO Datasheet Link"; VariantName = "[No Variations]"
Add component (AddParameter): Name = "Manufacturer"; Value = "Vishay"; VariantName = "[No Variations]"
Add component (AddParameter): Name = "PackageReference"; Value = "1206"; VariantName = "[No Variations]"
Add component (AddParameter): Name = "PartNumber"; Value = "CRCW120610K0JNEA"; VariantName = "[No Variations]"
Add component (AddParameter): Name = "SymbolVersion"; Value = "07/31/2009 12:17:31"; VariantName = "[No Variations]"
Add component (AddParameter): Name = "Value"; Value = "10K"; VariantName = "[No Variations]"
Added Component: Designator=SPK1(SPARK_GAP2)
Add component. Clean all parameters for all variants
Add component (AddParameter): Name = "Alternate Manufacturer"; Value = ""; VariantName = "[No Variations]"
Add component (AddParameter): Name = "Alternate PartNumber"; Value = ""; VariantName = "[No Variations]"
Add component (AddParameter): Name = "Altium Migration"; Value = ""; VariantName = "[No Variations]"
Add component (AddParameter): Name = "Area"; Value = "3500"; VariantName = "[No Variations]"
Add component (AddParameter): Name = "ComponentHeight"; Value = "0.004 inch"; VariantName = "[No Variations]"
Add component (AddParameter): Name = "ComponentLink1Description"; Value = "AEO Datasheet Link"; VariantName = "[No Variations]"
Add component (AddParameter): Name = "Manufacturer"; Value = "mfg"; VariantName = "[No Variations]"
Add component (AddParameter): Name = "PackageReference"; Value = "0.050 x 0.070 inch"; VariantName = "[No Variations]"
Add component (AddParameter): Name = "PartNumber"; Value = "Spark Gap"; VariantName = "[No Variations]"
Add component (AddParameter): Name = "SymbolVersion"; Value = "07/31/2009 12:17:31"; VariantName = "[No Variations]"
Add component (AddParameter): Name = "Value"; Value = "{Value}"; VariantName = "[No Variations]"
Added Component: Designator=SPK2(SPARK_GAP2)
Add component. Clean all parameters for all variants
Add component (AddParameter): Name = "Alternate Manufacturer"; Value = ""; VariantName = "[No Variations]"
Add component (AddParameter): Name = "Alternate PartNumber"; Value = ""; VariantName = "[No Variations]"
Add component (AddParameter): Name = "Altium Migration"; Value = ""; VariantName = "[No Variations]"
Add component (AddParameter): Name = "Area"; Value = "3500"; VariantName = "[No Variations]"
Add component (AddParameter): Name = "ComponentHeight"; Value = "0.004 inch"; VariantName = "[No Variations]"
Add component (AddParameter): Name = "ComponentLink1Description"; Value = "AEO Datasheet Link"; VariantName = "[No Variations]"
Add component (AddParameter): Name = "Manufacturer"; Value = "mfg"; VariantName = "[No Variations]"
Add component (AddParameter): Name = "PackageReference"; Value = "0.050 x 0.070 inch"; VariantName = "[No Variations]"
Add component (AddParameter): Name = "PartNumber"; Value = "Spark Gap"; VariantName = "[No Variations]"
Add component (AddParameter): Name = "SymbolVersion"; Value = "07/31/2009 12:17:31"; VariantName = "[No Variations]"
Add component (AddParameter): Name = "Value"; Value = "{Value}"; VariantName = "[No Variations]"
Added Component: Designator=SPK3(SPARK_GAP2)
Add component. Clean all parameters for all variants
Add component (AddParameter): Name = "Alternate Manufacturer"; Value = ""; VariantName = "[No Variations]"
Add component (AddParameter): Name = "Alternate PartNumber"; Value = ""; VariantName = "[No Variations]"
Add component (AddParameter): Name = "Altium Migration"; Value = ""; VariantName = "[No Variations]"
Add component (AddParameter): Name = "Area"; Value = "3500"; VariantName = "[No Variations]"
Add component (AddParameter): Name = "ComponentHeight"; Value = "0.004 inch"; VariantName = "[No Variations]"
Add component (AddParameter): Name = "ComponentLink1Description"; Value = "AEO Datasheet Link"; VariantName = "[No Variations]"
Add component (AddParameter): Name = "Manufacturer"; Value = "mfg"; VariantName = "[No Variations]"
Add component (AddParameter): Name = "PackageReference"; Value = "0.050 x 0.070 inch"; VariantName = "[No Variations]"
Add component (AddParameter): Name = "PartNumber"; Value = "Spark Gap"; VariantName = "[No Variations]"
Add component (AddParameter): Name = "SymbolVersion"; Value = "07/31/2009 12:17:31"; VariantName = "[No Variations]"
Add component (AddParameter): Name = "Value"; Value = "{Value}"; VariantName = "[No Variations]"
Added Component: Designator=SPK4(SPARK_GAP2)
Add component. Clean all parameters for all variants
Add component (AddParameter): Name = "Alternate Manufacturer"; Value = ""; VariantName = "[No Variations]"
Add component (AddParameter): Name = "Alternate PartNumber"; Value = ""; VariantName = "[No Variations]"
Add component (AddParameter): Name = "Altium Migration"; Value = ""; VariantName = "[No Variations]"
Add component (AddParameter): Name = "Area"; Value = "3500"; VariantName = "[No Variations]"
Add component (AddParameter): Name = "ComponentHeight"; Value = "0.004 inch"; VariantName = "[No Variations]"
Add component (AddParameter): Name = "ComponentLink1Description"; Value = "AEO Datasheet Link"; VariantName = "[No Variations]"
Add component (AddParameter): Name = "Manufacturer"; Value = "mfg"; VariantName = "[No Variations]"
Add component (AddParameter): Name = "PackageReference"; Value = "0.050 x 0.070 inch"; VariantName = "[No Variations]"
Add component (AddParameter): Name = "PartNumber"; Value = "Spark Gap"; VariantName = "[No Variations]"
Add component (AddParameter): Name = "SymbolVersion"; Value = "07/31/2009 12:17:31"; VariantName = "[No Variations]"
Add component (AddParameter): Name = "Value"; Value = "{Value}"; VariantName = "[No Variations]"
Added Pin To Net: NetName=GND Pin=SPK1-2
Added Pin To Net: NetName=GND Pin=SPK2-2
Added Pin To Net: NetName=GND Pin=SPK3-2
Added Pin To Net: NetName=GND Pin=SPK4-2
Added Pin To Net: NetName=BAT Pin=C12-1
Added Pin To Net: NetName=BAT Pin=D1-1
Added Pin To Net: NetName=BAT Pin=RT1-2
Added Pin To Net: NetName=BAT Pin=U1-24
Added Pin To Net: NetName=BAT Pin=U1-32
Added Net: Name=BAT
Added Pin To Net: NetName=NetC12_2 Pin=C12-2
Added Pin To Net: NetName=NetC12_2 Pin=RT1-1
Added Pin To Net: NetName=NetC12_2 Pin=U1-23
Added Net: Name=NetC12_2
Added Pin To Net: NetName=NetD4_2 Pin=D4-2
Added Pin To Net: NetName=NetD4_2 Pin=R28-2
Added Pin To Net: NetName=NetD4_2 Pin=SPK3-1
Added Net: Name=NetD4_2
Added Pin To Net: NetName=PACK+ Pin=C2-1
Added Pin To Net: NetName=PACK+ Pin=C8-2
Added Pin To Net: NetName=PACK+ Pin=J2-4
Added Pin To Net: NetName=PACK+ Pin=J2-5
Added Pin To Net: NetName=PACK+ Pin=J2-6
Added Pin To Net: NetName=PACK+ Pin=J2-7
Added Pin To Net: NetName=PACK+ Pin=Q6-1
Added Pin To Net: NetName=PACK+ Pin=Q6-2
Added Pin To Net: NetName=PACK+ Pin=Q6-3
Added Pin To Net: NetName=PACK+ Pin=Q9-2
Added Pin To Net: NetName=PACK+ Pin=R3-2
Added Pin To Net: NetName=PACK+ Pin=R12-2
Added Pin To Net: NetName=PACK+ Pin=SPK4-1
Added Net: Name=PACK+
Added Pin To Net: NetName=SMBC Pin=J2-10
Added Pin To Net: NetName=SMBC Pin=R25-2
Added Pin To Net: NetName=SMBC Pin=SPK1-1
Added Pin To Net: NetName=SMBC Pin=TP9-1
Added Net: Name=SMBC
Added Pin To Net: NetName=SMBD Pin=J2-1
Added Pin To Net: NetName=SMBD Pin=R27-2
Added Pin To Net: NetName=SMBD Pin=SPK2-1
Added Pin To Net: NetName=SMBD Pin=TP10-1
Added Net: Name=SMBD
Added Member To Class: ClassName=dji_3s_battery Member=Component C12 C0603C104M5RACTU
Added Member To Class: ClassName=dji_3s_battery Member=Component RT1 CRCW120610K0JNEA
Added Member To Class: ClassName=dji_3s_battery Member=Component SPK1 Spark Gap
Added Member To Class: ClassName=dji_3s_battery Member=Component SPK2 Spark Gap
Added Member To Class: ClassName=dji_3s_battery Member=Component SPK3 Spark Gap
Added Member To Class: ClassName=dji_3s_battery Member=Component SPK4 Spark Gap
Added Room: Name=dji_3s_battery
