Removed Pin From Net: NetName=GND Pin=SPK1-2
Removed Pin From Net: NetName=GND Pin=SPK2-2
Removed Pin From Net: NetName=GND Pin=SPK3-2
Removed Pin From Net: NetName=GND Pin=SPK4-2
Removed Member From Class: ClassName=dji_3s_battery Member=SPK1
Removed Member From Class: ClassName=dji_3s_battery Member=SPK2
Removed Member From Class: ClassName=dji_3s_battery Member=SPK3
Removed Member From Class: ClassName=dji_3s_battery Member=SPK4
Added Pin To Net: NetName=GND Pin=C2-1
Added Pin To Net: NetName=GND Pin=C8-2
Added Pin To Net: NetName=GND Pin=D4-2
Added Pin To Net: NetName=GND Pin=J2-1
Added Pin To Net: NetName=GND Pin=J2-4
Added Pin To Net: NetName=GND Pin=J2-5
Added Pin To Net: NetName=GND Pin=J2-6
Added Pin To Net: NetName=GND Pin=J2-7
Added Pin To Net: NetName=GND Pin=J2-10
Added Pin To Net: NetName=GND Pin=Q6-1
Added Pin To Net: NetName=GND Pin=Q6-2
Added Pin To Net: NetName=GND Pin=Q6-3
Added Pin To Net: NetName=GND Pin=Q9-2
Added Pin To Net: NetName=GND Pin=R3-2
Added Pin To Net: NetName=GND Pin=R12-2
Added Pin To Net: NetName=GND Pin=R25-2
Added Pin To Net: NetName=GND Pin=R27-2
Added Pin To Net: NetName=GND Pin=R28-2
Added Pin To Net: NetName=GND Pin=TP9-1
Added Pin To Net: NetName=GND Pin=TP10-1
Added Room: Name=dji_3s_battery
