Removed Pin From Net: NetName=NetR12_1 Pin=R12-1
Removed Pin From Net: NetName=NetR12_1 Pin=U1-27
Added Component: Designator=J1(SMD_1.25)
Add component. Clean all parameters for all variants
Added Component: Designator=J2(PH2.5)
Add component. Clean all parameters for all variants
Added Pin To Net: NetName=GND Pin=J1-1
Added Pin To Net: NetName=NetJ1_1 Pin=J1-2
Added Pin To Net: NetName=NetJ5_3 Pin=J1-3
Added Pin To Net: NetName=NetJ5_2 Pin=J1-4
Added Pin To Net: NetName=4P Pin=J1-5
Added Pin To Net: NetName=GND Pin=J1-6
Added Pin To Net: NetName=GND Pin=J1-7
Added Pin To Net: NetName=SMBD Pin=J2-1
Added Pin To Net: NetName=GND Pin=J2-2
Added Pin To Net: NetName=GND Pin=J2-3
Added Pin To Net: NetName=PACK+ Pin=J2-4
Added Pin To Net: NetName=PACK+ Pin=J2-5
Added Pin To Net: NetName=PACK+ Pin=J2-6
Added Pin To Net: NetName=PACK+ Pin=J2-7
Added Pin To Net: NetName=GND Pin=J2-8
Added Pin To Net: NetName=GND Pin=J2-9
Added Pin To Net: NetName=SMBC Pin=J2-10
Change Net Name : Old Net Name=NetJ1_1 New Net Name=NetJ1_2
Change Net Name : Old Net Name=NetJ5_2 New Net Name=NetJ1_4
Change Net Name : Old Net Name=NetJ5_3 New Net Name=NetJ1_3
Change Net Name : Old Net Name=NetR12_1 New Net Name=NetR17_2
Added Pin To Net: NetName=NetR12_1 Pin=R12-1
Added Pin To Net: NetName=NetR12_1 Pin=U1-27
Added Net: Name=NetR12_1
Added Member To Class: ClassName=dji_3s_battery Member=Component J1 SMD_1.25
Added Member To Class: ClassName=dji_3s_battery Member=Component J2 PH2.5
Added Room: Name=dji_3s_battery
