Removed Pin From Net: NetName=GND Pin=C21-1
Removed Pin From Net: NetName=GND Pin=C25-2
Removed Pin From Net: NetName=GND Pin=R33-1
Removed Pin From Net: NetName=GND Pin=R34-2
Change component parameters. Clean all parameters for all variants
Change component parameters (AddParameter): Name = "Alternate Manufacturer"; Value = ""; VariantName = "[No Variations]"
Change component parameters (AddParameter): Name = "Alternate PartNumber"; Value = ""; VariantName = "[No Variations]"
Change component parameters (AddParameter): Name = "Altium Migration"; Value = ""; VariantName = "[No Variations]"
Change component parameters (AddParameter): Name = "area"; Value = "*"; VariantName = "[No Variations]"
Change component parameters (AddParameter): Name = "ComponentHeight"; Value = "None"; VariantName = "[No Variations]"
Change component parameters (AddParameter): Name = "ComponentLink1Description"; Value = "AEO Datasheet Link"; VariantName = "[No Variations]"
Change component parameters (AddParameter): Name = "Manufacturer"; Value = "None"; VariantName = "[No Variations]"
Change component parameters (AddParameter): Name = "PackageReference"; Value = "None"; VariantName = "[No Variations]"
Change component parameters (AddParameter): Name = "PartNumber"; Value = "None"; VariantName = "[No Variations]"
Change component parameters (AddParameter): Name = "SymbolVersion"; Value = "11/01/2006 14:05:31"; VariantName = "[No Variations]"
Change component parameters (AddParameter): Name = "Value"; Value = "None"; VariantName = "[No Variations]"
Change component parameters. Clean all parameters for all variants
Change component parameters (AddParameter): Name = "Alternate Manufacturer"; Value = ""; VariantName = "[No Variations]"
Change component parameters (AddParameter): Name = "Alternate PartNumber"; Value = ""; VariantName = "[No Variations]"
Change component parameters (AddParameter): Name = "Altium Migration"; Value = ""; VariantName = "[No Variations]"
Change component parameters (AddParameter): Name = "area"; Value = "*"; VariantName = "[No Variations]"
Change component parameters (AddParameter): Name = "ComponentHeight"; Value = "None"; VariantName = "[No Variations]"
Change component parameters (AddParameter): Name = "ComponentLink1Description"; Value = "AEO Datasheet Link"; VariantName = "[No Variations]"
Change component parameters (AddParameter): Name = "Manufacturer"; Value = "None"; VariantName = "[No Variations]"
Change component parameters (AddParameter): Name = "PackageReference"; Value = "None"; VariantName = "[No Variations]"
Change component parameters (AddParameter): Name = "PartNumber"; Value = "None"; VariantName = "[No Variations]"
Change component parameters (AddParameter): Name = "SymbolVersion"; Value = "11/01/2006 14:05:31"; VariantName = "[No Variations]"
Change component parameters (AddParameter): Name = "Value"; Value = "None"; VariantName = "[No Variations]"
Change component parameters. Clean all parameters for all variants
Change component parameters (AddParameter): Name = "Alternate Manufacturer"; Value = ""; VariantName = "[No Variations]"
Change component parameters (AddParameter): Name = "Alternate PartNumber"; Value = ""; VariantName = "[No Variations]"
Change component parameters (AddParameter): Name = "Altium Migration"; Value = ""; VariantName = "[No Variations]"
Change component parameters (AddParameter): Name = "area"; Value = "*"; VariantName = "[No Variations]"
Change component parameters (AddParameter): Name = "ComponentHeight"; Value = "None"; VariantName = "[No Variations]"
Change component parameters (AddParameter): Name = "ComponentLink1Description"; Value = "AEO Datasheet Link"; VariantName = "[No Variations]"
Change component parameters (AddParameter): Name = "Manufacturer"; Value = "None"; VariantName = "[No Variations]"
Change component parameters (AddParameter): Name = "PackageReference"; Value = "None"; VariantName = "[No Variations]"
Change component parameters (AddParameter): Name = "PartNumber"; Value = "None"; VariantName = "[No Variations]"
Change component parameters (AddParameter): Name = "SymbolVersion"; Value = "11/01/2006 14:05:31"; VariantName = "[No Variations]"
Change component parameters (AddParameter): Name = "Value"; Value = "None"; VariantName = "[No Variations]"
Change component parameters. Clean all parameters for all variants
Change component parameters (AddParameter): Name = "Alternate Manufacturer"; Value = ""; VariantName = "[No Variations]"
Change component parameters (AddParameter): Name = "Alternate PartNumber"; Value = ""; VariantName = "[No Variations]"
Change component parameters (AddParameter): Name = "Altium Migration"; Value = ""; VariantName = "[No Variations]"
Change component parameters (AddParameter): Name = "area"; Value = "*"; VariantName = "[No Variations]"
Change component parameters (AddParameter): Name = "ComponentHeight"; Value = "None"; VariantName = "[No Variations]"
Change component parameters (AddParameter): Name = "ComponentLink1Description"; Value = "AEO Datasheet Link"; VariantName = "[No Variations]"
Change component parameters (AddParameter): Name = "Manufacturer"; Value = "None"; VariantName = "[No Variations]"
Change component parameters (AddParameter): Name = "PackageReference"; Value = "None"; VariantName = "[No Variations]"
Change component parameters (AddParameter): Name = "PartNumber"; Value = "None"; VariantName = "[No Variations]"
Change component parameters (AddParameter): Name = "SymbolVersion"; Value = "11/01/2006 14:05:31"; VariantName = "[No Variations]"
Change component parameters (AddParameter): Name = "Value"; Value = "None"; VariantName = "[No Variations]"
Change component parameters. Clean all parameters for all variants
Change component parameters (AddParameter): Name = "Alternate Manufacturer"; Value = ""; VariantName = "[No Variations]"
Change component parameters (AddParameter): Name = "Alternate PartNumber"; Value = ""; VariantName = "[No Variations]"
Change component parameters (AddParameter): Name = "Altium Migration"; Value = ""; VariantName = "[No Variations]"
Change component parameters (AddParameter): Name = "area"; Value = "*"; VariantName = "[No Variations]"
Change component parameters (AddParameter): Name = "ComponentHeight"; Value = "None"; VariantName = "[No Variations]"
Change component parameters (AddParameter): Name = "ComponentLink1Description"; Value = "AEO Datasheet Link"; VariantName = "[No Variations]"
Change component parameters (AddParameter): Name = "Manufacturer"; Value = "None"; VariantName = "[No Variations]"
Change component parameters (AddParameter): Name = "PackageReference"; Value = "None"; VariantName = "[No Variations]"
Change component parameters (AddParameter): Name = "PartNumber"; Value = "None"; VariantName = "[No Variations]"
Change component parameters (AddParameter): Name = "SymbolVersion"; Value = "07/13/2010 09:50:06"; VariantName = "[No Variations]"
Change component parameters (AddParameter): Name = "Value"; Value = "None"; VariantName = "[No Variations]"
Change component parameters. Clean all parameters for all variants
Change component parameters (AddParameter): Name = "Alternate Manufacturer"; Value = ""; VariantName = "[No Variations]"
Change component parameters (AddParameter): Name = "Alternate PartNumber"; Value = ""; VariantName = "[No Variations]"
Change component parameters (AddParameter): Name = "Altium Migration"; Value = ""; VariantName = "[No Variations]"
Change component parameters (AddParameter): Name = "area"; Value = "*"; VariantName = "[No Variations]"
Change component parameters (AddParameter): Name = "ComponentHeight"; Value = "None"; VariantName = "[No Variations]"
Change component parameters (AddParameter): Name = "ComponentLink1Description"; Value = "AEO Datasheet Link"; VariantName = "[No Variations]"
Change component parameters (AddParameter): Name = "Manufacturer"; Value = "None"; VariantName = "[No Variations]"
Change component parameters (AddParameter): Name = "PackageReference"; Value = "None"; VariantName = "[No Variations]"
Change component parameters (AddParameter): Name = "PartNumber"; Value = "None"; VariantName = "[No Variations]"
Change component parameters (AddParameter): Name = "SymbolVersion"; Value = "11/01/2006 14:05:31"; VariantName = "[No Variations]"
Change component parameters (AddParameter): Name = "Value"; Value = "None"; VariantName = "[No Variations]"
Added Pin To Net: NetName=PACK+ Pin=C21-1
Added Pin To Net: NetName=PACK+ Pin=C25-2
Added Pin To Net: NetName=PACK+ Pin=R33-1
Added Pin To Net: NetName=PACK+ Pin=R34-2
Added Pin To Net: NetName=NetC1_2 Pin=R47-1
Added Pin To Net: NetName=NetJ2_4 Pin=R48-1
Added Pin To Net: NetName=NetJ2_2 Pin=R49-1
Added Pin To Net: NetName=NetJ2_3 Pin=R50-1
Added Room: Name=Battery Gauge
Added Room: Name=Chargering
Added Room: Name=Control
